1515663158.445059	tj1-s-staging-rec06.kscn	26907/14606	configproxy	runserver	event	starting/1 name="java -Xms32M -Xmx256M -XX:ThreadStackSize=256 -XX:MaxJavaStackTraceDepth=-1 -XX:OnOutOfMemoryError=kill -9 %p -Dproxyconfigsources=tcp/localhost:19070 -cp libexec/vespa/patches/configproxy:lib/jars/config-proxy-jar-with-dependencies.jar com.yahoo.vespa.config.proxy.ProxyServer 19090 (pid 26908)"
1515663158.795	tj1-s-staging-rec06.kscn	26908/1	configproxy	configproxy.com.yahoo.vespa.config.proxy.ProxyServer	event	started/1 name=configproxy
1515663158.995431	tj1-s-staging-rec06.kscn	27005/22718	config-sentinel	runserver	event	starting/1 name="sbin/vespa-config-sentinel -c hosts/tj1-s-staging-rec06.kscn (pid 27006)"
1515663159.011197	tj1-s-staging-rec06.kscn	27006/52820	config-sentinel	config-sentinel	event	started/1 name="config-sentinel"
1515663159.123430	tj1-s-staging-rec06.kscn	27016/52820	config-sentinel	config-sentinel.service	event	starting/1 name="container"
1515663159.124419	tj1-s-staging-rec06.kscn	27018/52820	config-sentinel	config-sentinel.service	event	starting/1 name="searchnode"
1515663159.125012	tj1-s-staging-rec06.kscn	27020/52820	config-sentinel	config-sentinel.service	event	starting/1 name="container-clustercontroller"
1515663159.125307	tj1-s-staging-rec06.kscn	27021/52820	config-sentinel	config-sentinel.service	event	starting/1 name="docprocservice"
1515663159.125438	tj1-s-staging-rec06.kscn	27017/52820	config-sentinel	config-sentinel.service	event	starting/1 name="logserver"
1515663159.125550	tj1-s-staging-rec06.kscn	27019/52820	config-sentinel	config-sentinel.service	event	starting/1 name="distributor"
1515663159.126024	tj1-s-staging-rec06.kscn	27023/52820	config-sentinel	config-sentinel.service	event	starting/1 name="slobrok"
1515663159.126659	tj1-s-staging-rec06.kscn	27024/52820	config-sentinel	config-sentinel.service	event	starting/1 name="logd"
1515663159.126793	tj1-s-staging-rec06.kscn	27022/52820	config-sentinel	config-sentinel.service	event	starting/1 name="topleveldispatch"
1515663159.133644	tj1-s-staging-rec06.kscn	27024/13427	logd	logdemon	event	started/1 name="logdemon"
1515663159.171573	tj1-s-staging-rec06.kscn	27023/9608	slobrok	vespa-slobrok.sbenv	config	listening on port 19099
1515663159.171760	tj1-s-staging-rec06.kscn	27023/9608	slobrok	vespa-slobrok.sbenv	config	added peer tcp/tj1-s-staging-rec05.kscn:19099
1515663159.171797	tj1-s-staging-rec06.kscn	27023/9608	slobrok	vespa-slobrok.sbenv	event	started/1 name="slobrok"
1515663159.171816	tj1-s-staging-rec06.kscn	27023/9608	slobrok	vespa-slobrok.rpchooks	event	count/1 name="heartbeats_failed" value=0
1515663159.171822	tj1-s-staging-rec06.kscn	27023/9608	slobrok	vespa-slobrok.rpchooks	event	count/1 name="register_reqs" value=0
1515663159.171835	tj1-s-staging-rec06.kscn	27023/9608	slobrok	vespa-slobrok.rpchooks	event	count/1 name="mirror_reqs" value=0
1515663159.171841	tj1-s-staging-rec06.kscn	27023/9608	slobrok	vespa-slobrok.rpchooks	event	count/1 name="wantadd_reqs" value=0
1515663159.171848	tj1-s-staging-rec06.kscn	27023/9608	slobrok	vespa-slobrok.rpchooks	event	count/1 name="doadd_reqs" value=0
1515663159.171853	tj1-s-staging-rec06.kscn	27023/9608	slobrok	vespa-slobrok.rpchooks	event	count/1 name="doremove_reqs" value=0
1515663159.171858	tj1-s-staging-rec06.kscn	27023/9608	slobrok	vespa-slobrok.rpchooks	event	count/1 name="admin_reqs" value=0
1515663159.171862	tj1-s-staging-rec06.kscn	27023/9608	slobrok	vespa-slobrok.rpchooks	event	count/1 name="other_reqs" value=0
1515663159.175918	tj1-s-staging-rec06.kscn	27024/13427	logd	logdemon	info	state server listening on port 19089
1515663159.297077	tj1-s-staging-rec06.kscn	27016	container	stdout	debug	starting container for DuokanContainer/container.0
1515663159.297130	tj1-s-staging-rec06.kscn	27016	container	stdout	debug	without numactl (no permission or not available)
1515663159.297136	tj1-s-staging-rec06.kscn	27016	container	stdout	debug	numactlcmd: 
1515663159.297141	tj1-s-staging-rec06.kscn	27016	container	stdout	config	setting up extra preload: /usr/bin/env JAVAVM_LD_PRELOAD=/home/work/vespa/lib64/vespa/malloc/libvespamalloc.so LD_PRELOAD=/home/work/vespa/lib64/vespa/malloc/libvespamalloc.so
1515663159.297155	tj1-s-staging-rec06.kscn	27016	container	stdout	info	/usr/java/jdk1.8.0_91
1515663159.297160	tj1-s-staging-rec06.kscn	27016	container	stdout	info	/bin/java
1515663159.297176	tj1-s-staging-rec06.kscn	27020	container-clustercontroller	stdout	debug	starting container-clustercontroller for admin/cluster-controllers/0
1515663159.297181	tj1-s-staging-rec06.kscn	27020	container-clustercontroller	stdout	debug	without numactl (no permission or not available)
1515663159.297186	tj1-s-staging-rec06.kscn	27020	container-clustercontroller	stdout	debug	numactlcmd: 
1515663159.297191	tj1-s-staging-rec06.kscn	27020	container-clustercontroller	stdout	config	setting up extra preload: /usr/bin/env JAVAVM_LD_PRELOAD=/home/work/vespa/lib64/vespa/malloc/libvespamalloc.so LD_PRELOAD=/home/work/vespa/lib64/vespa/malloc/libvespamalloc.so
1515663159.297196	tj1-s-staging-rec06.kscn	27020	container-clustercontroller	stdout	info	/usr/java/jdk1.8.0_91
1515663159.297200	tj1-s-staging-rec06.kscn	27020	container-clustercontroller	stdout	info	/bin/java
1515663159.297209	tj1-s-staging-rec06.kscn	27021	docprocservice	stdout	debug	starting docprocservice for docproc/cluster.duokan.indexing/0
1515663159.297214	tj1-s-staging-rec06.kscn	27021	docprocservice	stdout	debug	without numactl (no permission or not available)
1515663159.297219	tj1-s-staging-rec06.kscn	27021	docprocservice	stdout	debug	numactlcmd: 
1515663159.297225	tj1-s-staging-rec06.kscn	27021	docprocservice	stdout	config	setting up extra preload: /usr/bin/env JAVAVM_LD_PRELOAD=/home/work/vespa/lib64/vespa/malloc/libvespamalloc.so LD_PRELOAD=/home/work/vespa/lib64/vespa/malloc/libvespamalloc.so
1515663159.297230	tj1-s-staging-rec06.kscn	27021	docprocservice	stdout	info	/usr/java/jdk1.8.0_91
1515663159.297234	tj1-s-staging-rec06.kscn	27021	docprocservice	stdout	info	/bin/java
1515663159.337654	tj1-s-staging-rec06.kscn	27022/49648	topleveldispatch	fdispatch	event	started/1 name="fdispatch"
1515663159.369934	tj1-s-staging-rec06.kscn	27022/49648	topleveldispatch	fdispatch.fdispatch	config	fdispatch version NOTAG (RPC-port: 19128, transport at 19129)
1515663159.382	tj1-s-staging-rec06.kscn	27017/1	logserver	ADM.com.yahoo.logserver.handlers.HandlerThread	config	logserver.queue.size=200
1515663159.401	tj1-s-staging-rec06.kscn	27017/1	logserver	ADM.com.yahoo.logserver.handlers.replicator.Replicator	config	port=19083
1515663159.401	tj1-s-staging-rec06.kscn	27017/1	logserver	ADM.com.yahoo.logserver.handlers.HandlerThread	config	logserver.queue.size=200
1515663159.403	tj1-s-staging-rec06.kscn	27017/1	logserver	ADM.com.yahoo.logserver.handlers.HandlerThread	config	logserver.queue.size=200
1515663159.405	tj1-s-staging-rec06.kscn	27017/1	logserver	ADM.com.yahoo.logserver.handlers.lasterrorsholder.LastErrorsHolder	config	port=19082
1515663159.405	tj1-s-staging-rec06.kscn	27017/1	logserver	ADM.com.yahoo.logserver.handlers.HandlerThread	config	logserver.queue.size=200
1515663159.408	tj1-s-staging-rec06.kscn	27017/32	logserver	ADM.com.yahoo.logserver.Server	config	logserver.listenport=19081
1515663159.411062	tj1-s-staging-rec06.kscn	27022/49648	topleveldispatch	fdispatch.search.nodemanager	config	configuring datasetcollection from 'duokan/search/cluster.duokan/tlds/DuokanContainer.0.tld.0'
1515663159.411	tj1-s-staging-rec06.kscn	27017/32	logserver	ADM.com.yahoo.logserver.Server	event	started/1 name=logserver
1515663159.448269	tj1-s-staging-rec06.kscn	27018/29534	searchnode	proton.proton.server.bootstrapconfigmanager	info	Filedistributorrpc config is changed
1515663159.943818	tj1-s-staging-rec06.kscn	27019/25461	distributor	vds.status	info	Starting status web server on port 19116.
1515663159.944196	tj1-s-staging-rec06.kscn	27019/25461	distributor	vds.status	config	Status pages now available on port 19116
1515663160.46837	tj1-s-staging-rec06.kscn	27016	container	stdout	debug	Initializing application without privileges.
1515663160.46880	tj1-s-staging-rec06.kscn	27020	container-clustercontroller	stdout	debug	Initializing application without privileges.
1515663160.46903	tj1-s-staging-rec06.kscn	27021	docprocservice	stdout	debug	Initializing application without privileges.
1515663160.057186	tj1-s-staging-rec06.kscn	27018/29534	searchnode	proton.translogserverapp	config	configure Transaction Log Server tls at port 19113
1515663160.066972	tj1-s-staging-rec06.kscn	27018/4741	searchnode	proton.transactionlog.server	event	count/1 name="translogserver.item.serialnum.last" value=2
1515663160.067016	tj1-s-staging-rec06.kscn	27018/4741	searchnode	proton.transactionlog.server	event	count/1 name="translogserver.item.serialnum.first" value=2
1515663160.067036	tj1-s-staging-rec06.kscn	27018/4741	searchnode	proton.transactionlog.server	event	value/1 name="translogserver.item.serialnum.numused" value=1
1515663160.067042	tj1-s-staging-rec06.kscn	27018/4741	searchnode	proton.transactionlog.server	event	count/1 name="translogserver.tag.serialnum.last" value=2
1515663160.067047	tj1-s-staging-rec06.kscn	27018/4741	searchnode	proton.transactionlog.server	event	count/1 name="translogserver.tag.serialnum.first" value=2
1515663160.067053	tj1-s-staging-rec06.kscn	27018/4741	searchnode	proton.transactionlog.server	event	value/1 name="translogserver.tag.serialnum.numused" value=1
1515663160.067058	tj1-s-staging-rec06.kscn	27018/4741	searchnode	proton.transactionlog.server	event	count/1 name="translogserver.user.serialnum.last" value=2
1515663160.067063	tj1-s-staging-rec06.kscn	27018/4741	searchnode	proton.transactionlog.server	event	count/1 name="translogserver.user.serialnum.first" value=2
1515663160.067068	tj1-s-staging-rec06.kscn	27018/4741	searchnode	proton.transactionlog.server	event	value/1 name="translogserver.user.serialnum.numused" value=1
1515663160.085841	tj1-s-staging-rec06.kscn	27018/58002	searchnode	proton.proton.server.proton	info	Add document database: doctypename(item), configid(duokan/search/cluster.duokan/item)
1515663160.108661	tj1-s-staging-rec06.kscn	27018/58002	searchnode	proton.proton.server.proton	info	Add document database: doctypename(tag), configid(duokan/search/cluster.duokan/tag)
1515663160.113980	tj1-s-staging-rec06.kscn	27018/61921	searchnode	proton.proton.common.eventlogger	event	state/1 name="load.documentstore.start" value="{"documentsubdb":"item.0.ready"}"
1515663160.121971	tj1-s-staging-rec06.kscn	27018/61921	searchnode	proton.searchlib.docstore.logdatastore	warning	We detected an empty idx file for part '/home/work/vespa/var/db/vespa/search/cluster.duokan/n0/documents/item/0.ready/summary/1515653510733938000'. Erasing it.
1515663160.122183	tj1-s-staging-rec06.kscn	27018/61921	searchnode	proton.searchlib.docstore.logdatastore	warning	Removing dangling file '/home/work/vespa/var/db/vespa/search/cluster.duokan/n0/documents/item/0.ready/summary/1515653510733938000.dat'
1515663160.127313	tj1-s-staging-rec06.kscn	27018/58002	searchnode	proton.proton.server.proton	info	Add document database: doctypename(user), configid(duokan/search/cluster.duokan/user)
1515663160.129801	tj1-s-staging-rec06.kscn	27018/484	searchnode	proton.proton.common.eventlogger	event	state/1 name="load.documentstore.start" value="{"documentsubdb":"item.1.removed"}"
1515663160.133068	tj1-s-staging-rec06.kscn	27018/8680	searchnode	proton.proton.common.eventlogger	event	state/1 name="load.documentstore.start" value="{"documentsubdb":"item.2.notready"}"
1515663160.133838	tj1-s-staging-rec06.kscn	27018/8680	searchnode	proton.searchlib.docstore.logdatastore	warning	We detected an empty idx file for part '/home/work/vespa/var/db/vespa/search/cluster.duokan/n0/documents/item/2.notready/summary/1515653510731206000'. Erasing it.
1515663160.133842	tj1-s-staging-rec06.kscn	27018/484	searchnode	proton.searchlib.docstore.logdatastore	warning	We detected an empty idx file for part '/home/work/vespa/var/db/vespa/search/cluster.duokan/n0/documents/item/1.removed/summary/1515653510731862000'. Erasing it.
1515663160.133920	tj1-s-staging-rec06.kscn	27018/484	searchnode	proton.searchlib.docstore.logdatastore	warning	Removing dangling file '/home/work/vespa/var/db/vespa/search/cluster.duokan/n0/documents/item/1.removed/summary/1515653510731862000.dat'
1515663160.133920	tj1-s-staging-rec06.kscn	27018/8680	searchnode	proton.searchlib.docstore.logdatastore	warning	Removing dangling file '/home/work/vespa/var/db/vespa/search/cluster.duokan/n0/documents/item/2.notready/summary/1515653510731206000.dat'
1515663160.140682	tj1-s-staging-rec06.kscn	27018/61921	searchnode	proton.proton.common.eventlogger	event	state/1 name="load.documentstore.complete" value="{"documentsubdb":"item.0.ready","time.elapsed.ms":26}"
1515663160.140721	tj1-s-staging-rec06.kscn	27018/61921	searchnode	proton.proton.common.eventlogger	event	state/1 name="load.documentstore.start" value="{"documentsubdb":"tag.0.ready"}"
1515663160.140827	tj1-s-staging-rec06.kscn	27018/8680	searchnode	proton.proton.common.eventlogger	event	state/1 name="load.documentstore.complete" value="{"documentsubdb":"item.2.notready","time.elapsed.ms":7}"
1515663160.140844	tj1-s-staging-rec06.kscn	27018/484	searchnode	proton.proton.common.eventlogger	event	state/1 name="load.documentstore.complete" value="{"documentsubdb":"item.1.removed","time.elapsed.ms":11}"
1515663160.140870	tj1-s-staging-rec06.kscn	27018/8680	searchnode	proton.proton.common.eventlogger	event	state/1 name="load.documentstore.start" value="{"documentsubdb":"tag.1.removed"}"
1515663160.140874	tj1-s-staging-rec06.kscn	27018/484	searchnode	proton.proton.common.eventlogger	event	state/1 name="load.documentstore.start" value="{"documentsubdb":"tag.2.notready"}"
1515663160.143557	tj1-s-staging-rec06.kscn	27018/61921	searchnode	proton.searchlib.docstore.logdatastore	warning	We detected an empty idx file for part '/home/work/vespa/var/db/vespa/search/cluster.duokan/n0/documents/tag/0.ready/summary/1515653510757731000'. Erasing it.
1515663160.143624	tj1-s-staging-rec06.kscn	27018/61921	searchnode	proton.searchlib.docstore.logdatastore	warning	Removing dangling file '/home/work/vespa/var/db/vespa/search/cluster.duokan/n0/documents/tag/0.ready/summary/1515653510757731000.dat'
1515663160.143622	tj1-s-staging-rec06.kscn	27018/484	searchnode	proton.searchlib.docstore.logdatastore	warning	We detected an empty idx file for part '/home/work/vespa/var/db/vespa/search/cluster.duokan/n0/documents/tag/2.notready/summary/1515653510758084000'. Erasing it.
1515663160.143629	tj1-s-staging-rec06.kscn	27018/8680	searchnode	proton.searchlib.docstore.logdatastore	warning	We detected an empty idx file for part '/home/work/vespa/var/db/vespa/search/cluster.duokan/n0/documents/tag/1.removed/summary/1515653510757752000'. Erasing it.
1515663160.143676	tj1-s-staging-rec06.kscn	27018/484	searchnode	proton.searchlib.docstore.logdatastore	warning	Removing dangling file '/home/work/vespa/var/db/vespa/search/cluster.duokan/n0/documents/tag/2.notready/summary/1515653510758084000.dat'
1515663160.143680	tj1-s-staging-rec06.kscn	27018/8680	searchnode	proton.searchlib.docstore.logdatastore	warning	Removing dangling file '/home/work/vespa/var/db/vespa/search/cluster.duokan/n0/documents/tag/1.removed/summary/1515653510757752000.dat'
1515663160.146069	tj1-s-staging-rec06.kscn	27018/61921	searchnode	proton.proton.common.eventlogger	event	state/1 name="load.documentstore.complete" value="{"documentsubdb":"tag.0.ready","time.elapsed.ms":5}"
1515663160.147970	tj1-s-staging-rec06.kscn	27018/57823	searchnode	proton.proton.common.eventlogger	event	state/1 name="transactionlog.replay.start" value="{"domain":"item","serialnum":{"first":1,"last":2}}"
1515663160.148734	tj1-s-staging-rec06.kscn	27018/484	searchnode	proton.proton.common.eventlogger	event	state/1 name="load.documentstore.complete" value="{"documentsubdb":"tag.2.notready","time.elapsed.ms":7}"
1515663160.148736	tj1-s-staging-rec06.kscn	27018/8680	searchnode	proton.proton.common.eventlogger	event	state/1 name="load.documentstore.complete" value="{"documentsubdb":"tag.1.removed","time.elapsed.ms":7}"
1515663160.149359	tj1-s-staging-rec06.kscn	27018/57823	searchnode	proton.proton.common.eventlogger	event	state/1 name="transactionlog.replay.complete" value="{"domain":"item","time.elapsed.ms":1}"
1515663160.149440	tj1-s-staging-rec06.kscn	27018/8646	searchnode	proton.proton.common.eventlogger	event	state/1 name="transactionlog.replay.start" value="{"domain":"tag","serialnum":{"first":1,"last":2}}"
1515663160.155306	tj1-s-staging-rec06.kscn	27018/61921	searchnode	proton.proton.common.eventlogger	event	state/1 name="load.documentstore.start" value="{"documentsubdb":"user.1.removed"}"
1515663160.155310	tj1-s-staging-rec06.kscn	27018/8680	searchnode	proton.proton.common.eventlogger	event	state/1 name="load.documentstore.start" value="{"documentsubdb":"user.0.ready"}"
1515663160.156153	tj1-s-staging-rec06.kscn	27018/4582	searchnode	proton.proton.common.eventlogger	event	state/1 name="load.documentstore.start" value="{"documentsubdb":"user.2.notready"}"
1515663160.159602	tj1-s-staging-rec06.kscn	27018/8680	searchnode	proton.searchlib.docstore.logdatastore	warning	We detected an empty idx file for part '/home/work/vespa/var/db/vespa/search/cluster.duokan/n0/documents/user/0.ready/summary/1515653510776481000'. Erasing it.
1515663160.159677	tj1-s-staging-rec06.kscn	27018/8680	searchnode	proton.searchlib.docstore.logdatastore	warning	Removing dangling file '/home/work/vespa/var/db/vespa/search/cluster.duokan/n0/documents/user/0.ready/summary/1515653510776481000.dat'
1515663160.159803	tj1-s-staging-rec06.kscn	27018/61921	searchnode	proton.searchlib.docstore.logdatastore	warning	We detected an empty idx file for part '/home/work/vespa/var/db/vespa/search/cluster.duokan/n0/documents/user/1.removed/summary/1515653510779599000'. Erasing it.
1515663160.160161	tj1-s-staging-rec06.kscn	27018/61921	searchnode	proton.searchlib.docstore.logdatastore	warning	Removing dangling file '/home/work/vespa/var/db/vespa/search/cluster.duokan/n0/documents/user/1.removed/summary/1515653510779599000.dat'
1515663160.160365	tj1-s-staging-rec06.kscn	27018/8646	searchnode	proton.proton.common.eventlogger	event	state/1 name="transactionlog.replay.complete" value="{"domain":"tag","time.elapsed.ms":10}"
1515663160.162206	tj1-s-staging-rec06.kscn	27018/4582	searchnode	proton.searchlib.docstore.logdatastore	warning	We detected an empty idx file for part '/home/work/vespa/var/db/vespa/search/cluster.duokan/n0/documents/user/2.notready/summary/1515653510780022000'. Erasing it.
1515663160.162256	tj1-s-staging-rec06.kscn	27018/4582	searchnode	proton.searchlib.docstore.logdatastore	warning	Removing dangling file '/home/work/vespa/var/db/vespa/search/cluster.duokan/n0/documents/user/2.notready/summary/1515653510780022000.dat'
1515663160.162646	tj1-s-staging-rec06.kscn	27018/8680	searchnode	proton.proton.common.eventlogger	event	state/1 name="load.documentstore.complete" value="{"documentsubdb":"user.0.ready","time.elapsed.ms":7}"
1515663160.162772	tj1-s-staging-rec06.kscn	27018/61921	searchnode	proton.proton.common.eventlogger	event	state/1 name="load.documentstore.complete" value="{"documentsubdb":"user.1.removed","time.elapsed.ms":7}"
1515663160.168472	tj1-s-staging-rec06.kscn	27018/4582	searchnode	proton.proton.common.eventlogger	event	state/1 name="load.documentstore.complete" value="{"documentsubdb":"user.2.notready","time.elapsed.ms":12}"
1515663160.169146	tj1-s-staging-rec06.kscn	27018/25004	searchnode	proton.proton.common.eventlogger	event	state/1 name="transactionlog.replay.start" value="{"domain":"user","serialnum":{"first":1,"last":2}}"
1515663160.171284	tj1-s-staging-rec06.kscn	27018/25004	searchnode	proton.proton.common.eventlogger	event	state/1 name="transactionlog.replay.complete" value="{"domain":"user","time.elapsed.ms":2}"
1515663160.456861	tj1-s-staging-rec06.kscn	27022/29687	topleveldispatch	fdispatch.queryperf	event	value/1 name="queued_queries" value=0
1515663160.456913	tj1-s-staging-rec06.kscn	27022/29687	topleveldispatch	fdispatch.queryperf	event	value/1 name="active_queries" value=0
1515663160.456922	tj1-s-staging-rec06.kscn	27022/29687	topleveldispatch	fdispatch.queryperf	event	count/1 name="queries" value=0
1515663160.456928	tj1-s-staging-rec06.kscn	27022/29687	topleveldispatch	fdispatch.queryperf	event	count/1 name="dropped_queries" value=0
1515663160.456945	tj1-s-staging-rec06.kscn	27022/29687	topleveldispatch	fdispatch.queryperf	event	count/1 name="timedout_queries" value=0
1515663160.763289	tj1-s-staging-rec06.kscn	27018/48718	searchnode	proton.metrics.metric.count	event	count/1 name="proton_transport_query_count" value=0
1515663160.763325	tj1-s-staging-rec06.kscn	27018/48718	searchnode	proton.metrics.metric.count	event	count/1 name="proton_transport_docsum_count" value=0
1515663160.763332	tj1-s-staging-rec06.kscn	27018/48718	searchnode	proton.metrics.metric.count	event	count/1 name="proton_transport_docsum_docs" value=0
1515663160.763362	tj1-s-staging-rec06.kscn	27018/48718	searchnode	proton.metrics.metric.count	event	count/1 name="vds_filestor_alldisks_allthreads_put_sum_count" value=0
1515663160.763370	tj1-s-staging-rec06.kscn	27018/48718	searchnode	proton.metrics.metric.count	event	count/1 name="vds_filestor_alldisks_allthreads_put_sum_failed" value=0
1515663160.763378	tj1-s-staging-rec06.kscn	27018/48718	searchnode	proton.metrics.metric.count	event	count/1 name="vds_filestor_alldisks_allthreads_get_sum_count" value=0
1515663160.763385	tj1-s-staging-rec06.kscn	27018/48718	searchnode	proton.metrics.metric.count	event	count/1 name="vds_filestor_alldisks_allthreads_get_sum_failed" value=0
1515663160.763391	tj1-s-staging-rec06.kscn	27018/48718	searchnode	proton.metrics.metric.count	event	count/1 name="vds_filestor_alldisks_allthreads_get_sum_not_found" value=0
1515663160.763399	tj1-s-staging-rec06.kscn	27018/48718	searchnode	proton.metrics.metric.count	event	count/1 name="vds_filestor_alldisks_allthreads_remove_sum_count" value=0
1515663160.763407	tj1-s-staging-rec06.kscn	27018/48718	searchnode	proton.metrics.metric.count	event	count/1 name="vds_filestor_alldisks_allthreads_remove_sum_failed" value=0
1515663160.763413	tj1-s-staging-rec06.kscn	27018/48718	searchnode	proton.metrics.metric.count	event	count/1 name="vds_filestor_alldisks_allthreads_remove_sum_not_found" value=0
1515663160.763422	tj1-s-staging-rec06.kscn	27018/48718	searchnode	proton.metrics.metric.count	event	count/1 name="vds_filestor_alldisks_allthreads_update_sum_count" value=0
1515663160.763429	tj1-s-staging-rec06.kscn	27018/48718	searchnode	proton.metrics.metric.count	event	count/1 name="vds_filestor_alldisks_allthreads_update_sum_failed" value=0
1515663160.763435	tj1-s-staging-rec06.kscn	27018/48718	searchnode	proton.metrics.metric.count	event	count/1 name="vds_filestor_alldisks_allthreads_update_sum_not_found" value=0
1515663160.763478	tj1-s-staging-rec06.kscn	27018/48718	searchnode	proton.metrics.metric.value	event	value/1 name="proton_memoryusage" value=0
1515663160.763487	tj1-s-staging-rec06.kscn	27018/48718	searchnode	proton.metrics.metric.value	event	value/1 name="proton_diskusage" value=0
1515663160.763493	tj1-s-staging-rec06.kscn	27018/48718	searchnode	proton.metrics.metric.value	event	value/1 name="proton_docsinmemory" value=0
1515663160.763499	tj1-s-staging-rec06.kscn	27018/48718	searchnode	proton.metrics.metric.value	event	value/1 name="proton_numdocs" value=0
1515663160.763504	tj1-s-staging-rec06.kscn	27018/48718	searchnode	proton.metrics.metric.value	event	value/1 name="proton_numactivedocs" value=0
1515663160.763510	tj1-s-staging-rec06.kscn	27018/48718	searchnode	proton.metrics.metric.value	event	value/1 name="proton_numindexeddocs" value=0
1515663160.763516	tj1-s-staging-rec06.kscn	27018/48718	searchnode	proton.metrics.metric.value	event	value/1 name="proton_numstoreddocs" value=0
1515663160.763521	tj1-s-staging-rec06.kscn	27018/48718	searchnode	proton.metrics.metric.value	event	value/1 name="proton_numremoveddocs" value=0
1515663160.763529	tj1-s-staging-rec06.kscn	27018/48718	searchnode	proton.metrics.metric.value	event	value/1 name="proton_transport_query_latency" value=-nan
1515663160.763536	tj1-s-staging-rec06.kscn	27018/48718	searchnode	proton.metrics.metric.value	event	value/1 name="proton_transport_docsum_latency" value=-nan
1515663160.763549	tj1-s-staging-rec06.kscn	27018/48718	searchnode	proton.metrics.metric.value	event	value/1 name="vds_visitor_cv_queuewaittime" value=-nan
1515663160.763572	tj1-s-staging-rec06.kscn	27018/48718	searchnode	proton.metrics.metric.value	event	value/1 name="vds_visitor_allthreads_averagequeuewait_sum" value=-nan
1515663160.763580	tj1-s-staging-rec06.kscn	27018/48718	searchnode	proton.metrics.metric.value	event	value/1 name="vds_visitor_allthreads_averagequeuewait_default" value=-nan
1515663160.763587	tj1-s-staging-rec06.kscn	27018/48718	searchnode	proton.metrics.metric.value	event	value/1 name="vds_visitor_allthreads_averagevisitorlifetime_sum" value=-nan
1515663160.763593	tj1-s-staging-rec06.kscn	27018/48718	searchnode	proton.metrics.metric.value	event	value/1 name="vds_visitor_allthreads_averagevisitorlifetime_default" value=-nan
1515663160.763600	tj1-s-staging-rec06.kscn	27018/48718	searchnode	proton.metrics.metric.value	event	value/1 name="vds_visitor_allthreads_created_sum" value=-nan
1515663160.763616	tj1-s-staging-rec06.kscn	27018/48718	searchnode	proton.metrics.metric.value	event	value/1 name="vds_filestor_alldisks_allthreads_put_sum_latency" value=-nan
1515663160.763624	tj1-s-staging-rec06.kscn	27018/48718	searchnode	proton.metrics.metric.value	event	value/1 name="vds_filestor_alldisks_allthreads_get_sum_latency" value=-nan
1515663160.763634	tj1-s-staging-rec06.kscn	27018/48718	searchnode	proton.metrics.metric.value	event	value/1 name="vds_filestor_alldisks_allthreads_remove_sum_latency" value=-nan
1515663160.763644	tj1-s-staging-rec06.kscn	27018/48718	searchnode	proton.metrics.metric.value	event	value/1 name="vds_filestor_alldisks_allthreads_update_sum_latency" value=-nan
1515663160.763651	tj1-s-staging-rec06.kscn	27018/48718	searchnode	proton.metrics.metric.value	event	value/1 name="vds_filestor_alldisks_allthreads_update_sum_latency_read" value=-nan
1515663160.763669	tj1-s-staging-rec06.kscn	27018/48718	searchnode	proton.metrics.metric.value	event	value/1 name="vds_filestor_alldisks_queuesize" value=-nan
1515663160.763675	tj1-s-staging-rec06.kscn	27018/48718	searchnode	proton.metrics.metric.value	event	value/1 name="vds_filestor_alldisks_averagequeuewait_sum" value=-nan
1515663160.774241	tj1-s-staging-rec06.kscn	27018/32302	searchnode	proton.storage.bucketdb.initializer	info	Completed listing buckets from disk. Minimum used bits is 58
1515663160.774318	tj1-s-staging-rec06.kscn	27018/32302	searchnode	proton.node.server	info	Storage node ready. Done initializing. Giving out of sequence metric event. Config id is duokan/storage/0
1515663160.774349	tj1-s-staging-rec06.kscn	27018/32302	searchnode	proton.node.server	event	started/1 name="storagenode"
1515663160.775382	tj1-s-staging-rec06.kscn	27018/48718	searchnode	proton.metrics.manager	info	Metrics registration changes detected. Handling changes.
1515663160.859403	tj1-s-staging-rec06.kscn	27018/48718	searchnode	proton.metrics.metric.count	event	count/1 name="proton_transport_query_count" value=0
1515663160.859434	tj1-s-staging-rec06.kscn	27018/48718	searchnode	proton.metrics.metric.count	event	count/1 name="proton_transport_docsum_count" value=0
1515663160.859441	tj1-s-staging-rec06.kscn	27018/48718	searchnode	proton.metrics.metric.count	event	count/1 name="proton_transport_docsum_docs" value=0
1515663160.859472	tj1-s-staging-rec06.kscn	27018/48718	searchnode	proton.metrics.metric.count	event	count/1 name="vds_filestor_alldisks_allthreads_put_sum_count" value=0
1515663160.859479	tj1-s-staging-rec06.kscn	27018/48718	searchnode	proton.metrics.metric.count	event	count/1 name="vds_filestor_alldisks_allthreads_put_sum_failed" value=0
1515663160.859487	tj1-s-staging-rec06.kscn	27018/48718	searchnode	proton.metrics.metric.count	event	count/1 name="vds_filestor_alldisks_allthreads_get_sum_count" value=0
1515663160.859493	tj1-s-staging-rec06.kscn	27018/48718	searchnode	proton.metrics.metric.count	event	count/1 name="vds_filestor_alldisks_allthreads_get_sum_failed" value=0
1515663160.859500	tj1-s-staging-rec06.kscn	27018/48718	searchnode	proton.metrics.metric.count	event	count/1 name="vds_filestor_alldisks_allthreads_get_sum_not_found" value=0
1515663160.859508	tj1-s-staging-rec06.kscn	27018/48718	searchnode	proton.metrics.metric.count	event	count/1 name="vds_filestor_alldisks_allthreads_remove_sum_count" value=0
1515663160.859536	tj1-s-staging-rec06.kscn	27018/48718	searchnode	proton.metrics.metric.count	event	count/1 name="vds_filestor_alldisks_allthreads_remove_sum_failed" value=0
1515663160.859544	tj1-s-staging-rec06.kscn	27018/48718	searchnode	proton.metrics.metric.count	event	count/1 name="vds_filestor_alldisks_allthreads_remove_sum_not_found" value=0
1515663160.859552	tj1-s-staging-rec06.kscn	27018/48718	searchnode	proton.metrics.metric.count	event	count/1 name="vds_filestor_alldisks_allthreads_update_sum_count" value=0
1515663160.859559	tj1-s-staging-rec06.kscn	27018/48718	searchnode	proton.metrics.metric.count	event	count/1 name="vds_filestor_alldisks_allthreads_update_sum_failed" value=0
1515663160.859566	tj1-s-staging-rec06.kscn	27018/48718	searchnode	proton.metrics.metric.count	event	count/1 name="vds_filestor_alldisks_allthreads_update_sum_not_found" value=0
1515663160.859597	tj1-s-staging-rec06.kscn	27018/48718	searchnode	proton.metrics.metric.value	event	value/1 name="proton_memoryusage" value=20541104
1515663160.859604	tj1-s-staging-rec06.kscn	27018/48718	searchnode	proton.metrics.metric.value	event	value/1 name="proton_diskusage" value=0
1515663160.859610	tj1-s-staging-rec06.kscn	27018/48718	searchnode	proton.metrics.metric.value	event	value/1 name="proton_docsinmemory" value=0
1515663160.859615	tj1-s-staging-rec06.kscn	27018/48718	searchnode	proton.metrics.metric.value	event	value/1 name="proton_numdocs" value=0
1515663160.859621	tj1-s-staging-rec06.kscn	27018/48718	searchnode	proton.metrics.metric.value	event	value/1 name="proton_numactivedocs" value=0
1515663160.859627	tj1-s-staging-rec06.kscn	27018/48718	searchnode	proton.metrics.metric.value	event	value/1 name="proton_numindexeddocs" value=0
1515663160.859632	tj1-s-staging-rec06.kscn	27018/48718	searchnode	proton.metrics.metric.value	event	value/1 name="proton_numstoreddocs" value=0
1515663160.859637	tj1-s-staging-rec06.kscn	27018/48718	searchnode	proton.metrics.metric.value	event	value/1 name="proton_numremoveddocs" value=0
1515663160.859645	tj1-s-staging-rec06.kscn	27018/48718	searchnode	proton.metrics.metric.value	event	value/1 name="proton_transport_query_latency" value=-nan
1515663160.859652	tj1-s-staging-rec06.kscn	27018/48718	searchnode	proton.metrics.metric.value	event	value/1 name="proton_transport_docsum_latency" value=-nan
1515663160.859660	tj1-s-staging-rec06.kscn	27018/48718	searchnode	proton.metrics.metric.value	event	value/1 name="vds_datastored_alldisks_docs" value=0
1515663160.859666	tj1-s-staging-rec06.kscn	27018/48718	searchnode	proton.metrics.metric.value	event	value/1 name="vds_datastored_alldisks_bytes" value=0
1515663160.859675	tj1-s-staging-rec06.kscn	27018/48718	searchnode	proton.metrics.metric.value	event	value/1 name="vds_visitor_cv_queuewaittime" value=-nan
1515663160.859682	tj1-s-staging-rec06.kscn	27018/48718	searchnode	proton.metrics.metric.value	event	value/1 name="vds_visitor_allthreads_averagequeuewait_sum" value=-nan
1515663160.859688	tj1-s-staging-rec06.kscn	27018/48718	searchnode	proton.metrics.metric.value	event	value/1 name="vds_visitor_allthreads_averagequeuewait_default" value=-nan
1515663160.859695	tj1-s-staging-rec06.kscn	27018/48718	searchnode	proton.metrics.metric.value	event	value/1 name="vds_visitor_allthreads_averagevisitorlifetime_sum" value=-nan
1515663160.859700	tj1-s-staging-rec06.kscn	27018/48718	searchnode	proton.metrics.metric.value	event	value/1 name="vds_visitor_allthreads_averagevisitorlifetime_default" value=-nan
1515663160.859708	tj1-s-staging-rec06.kscn	27018/48718	searchnode	proton.metrics.metric.value	event	value/1 name="vds_visitor_allthreads_created_sum" value=-nan
1515663160.859723	tj1-s-staging-rec06.kscn	27018/48718	searchnode	proton.metrics.metric.value	event	value/1 name="vds_filestor_alldisks_allthreads_put_sum_latency" value=-nan
1515663160.859732	tj1-s-staging-rec06.kscn	27018/48718	searchnode	proton.metrics.metric.value	event	value/1 name="vds_filestor_alldisks_allthreads_get_sum_latency" value=-nan
1515663160.859746	tj1-s-staging-rec06.kscn	27018/48718	searchnode	proton.metrics.metric.value	event	value/1 name="vds_filestor_alldisks_allthreads_remove_sum_latency" value=-nan
1515663160.859756	tj1-s-staging-rec06.kscn	27018/48718	searchnode	proton.metrics.metric.value	event	value/1 name="vds_filestor_alldisks_allthreads_update_sum_latency" value=-nan
1515663160.859764	tj1-s-staging-rec06.kscn	27018/48718	searchnode	proton.metrics.metric.value	event	value/1 name="vds_filestor_alldisks_allthreads_update_sum_latency_read" value=-nan
1515663160.859781	tj1-s-staging-rec06.kscn	27018/48718	searchnode	proton.metrics.metric.value	event	value/1 name="vds_filestor_alldisks_queuesize" value=0
1515663160.859788	tj1-s-staging-rec06.kscn	27018/48718	searchnode	proton.metrics.metric.value	event	value/1 name="vds_filestor_alldisks_averagequeuewait_sum" value=0.0662230000000000041
1515663160.928300	tj1-s-staging-rec06.kscn	27018/29534	searchnode	proton.status	info	Starting status web server on port 19107.
1515663160.928482	tj1-s-staging-rec06.kscn	27018/29534	searchnode	proton.status	config	Status pages now available on port 19107
1515663160.928879	tj1-s-staging-rec06.kscn	27018/29534	searchnode	proton	event	started/1 name="servicelayer"
1515663160.928890	tj1-s-staging-rec06.kscn	27018/29534	searchnode	proton	event	started/1 name="proton"
1515663161.936	tj1-s-staging-rec06.kscn	27020/1	container-clustercontroller	Container.com.yahoo.container.jdisc.ConfiguredApplication	info	Starting container
1515663161.935	tj1-s-staging-rec06.kscn	27016/1	container	Container.com.yahoo.container.jdisc.ConfiguredApplication	info	Starting container
1515663161.936	tj1-s-staging-rec06.kscn	27021/1	docprocservice	Container.com.yahoo.container.jdisc.ConfiguredApplication	info	Starting container
1515663162.582	tj1-s-staging-rec06.kscn	27021/1	docprocservice	Container.com.yahoo.container.core.config.HandlersConfigurerDi	info	Installing bundles from the latest application
1515663162.583	tj1-s-staging-rec06.kscn	27021/1	docprocservice	Container.com.yahoo.container.core.config.BundleLoader	info	Installing bundle with reference '2a8faf109168517aeba4d908232705c5cdae5bb8'
1515663162.598024	tj1-s-staging-rec06.kscn	27020	container-clustercontroller	stdout	info	[GC (Allocation Failure)  209792K->14655K(498112K), 0.0408926 secs]
1515663162.606	tj1-s-staging-rec06.kscn	27020/1	container-clustercontroller	Container.com.yahoo.container.core.config.HandlersConfigurerDi	info	Installing bundles from the latest application
1515663162.608	tj1-s-staging-rec06.kscn	27020/1	container-clustercontroller	Container.com.yahoo.container.core.config.BundleLoader	info	Installing bundle from disk with reference 'file:/home/work/vespa/lib/jars/clustercontroller-utils-jar-with-dependencies.jar'
1515663162.611	tj1-s-staging-rec06.kscn	27020/1	container-clustercontroller	Container.com.yahoo.container.core.config.BundleLoader	info	Installing bundle from disk with reference 'file:/home/work/vespa/lib/jars/clustercontroller-apps-jar-with-dependencies.jar'
1515663162.616	tj1-s-staging-rec06.kscn	27020/1	container-clustercontroller	Container.com.yahoo.container.core.config.BundleLoader	info	Installing bundle from disk with reference 'file:/home/work/vespa/lib/jars/clustercontroller-apputil-jar-with-dependencies.jar'
1515663162.624	tj1-s-staging-rec06.kscn	27020/1	container-clustercontroller	Container.com.yahoo.container.core.config.BundleLoader	info	Installing bundle from disk with reference 'file:/home/work/vespa/lib/jars/clustercontroller-core-jar-with-dependencies.jar'
1515663162.628	tj1-s-staging-rec06.kscn	27020/1	container-clustercontroller	Container.com.yahoo.container.core.config.BundleLoader	info	Installing bundle from disk with reference 'file:/home/work/vespa/lib/jars/zkfacade-jar-with-dependencies.jar'
1515663162.628	tj1-s-staging-rec06.kscn	27020/1	container-clustercontroller	Container.com.yahoo.container.core.config.BundleLoader	info	Installing bundle with reference '2a8faf109168517aeba4d908232705c5cdae5bb8'
1515663162.638	tj1-s-staging-rec06.kscn	27016/1	container	Container.com.yahoo.container.core.config.HandlersConfigurerDi	info	Installing bundles from the latest application
1515663162.639	tj1-s-staging-rec06.kscn	27016/1	container	Container.com.yahoo.container.core.config.BundleLoader	info	Installing bundle with reference '2a8faf109168517aeba4d908232705c5cdae5bb8'
1515663162.724	tj1-s-staging-rec06.kscn	27021/1	docprocservice	Container.com.yahoo.container.core.config.BundleLoader	info	0 bundles were removed, and 1 bundles were installed.
1515663162.724	tj1-s-staging-rec06.kscn	27021/1	docprocservice	Container.com.yahoo.container.core.config.BundleLoader	info	Installed bundles: {[0]org.apache.felix.framework, [1]container-disc, [2]config-bundle, [3]configdefinitions, [4]container-jersey2, [5]container-search-and-docproc, [6]docprocs, [7]jdisc_http_service, [8]org.objectweb.asm.all.debug, [9]javax.servlet-api, [10]org.eclipse.jetty.continuation, [11]org.eclipse.jetty.http, [12]org.eclipse.jetty.io, [13]org.eclipse.jetty.jmx, [14]org.eclipse.jetty.security, [15]org.eclipse.jetty.server, [16]org.eclipse.jetty.servlet, [17]org.eclipse.jetty.servlets, [18]org.eclipse.jetty.util, [19]org.apache.aries.spifly.dynamic.bundle, [20]org.apache.aries.util, [21]component, [22]vespaclient-container-plugin, [23]simplemetrics, [24]defaults, [25]zkfacade, [26]org.glassfish.hk2.external.aopalliance-repackaged, [27]org.glassfish.hk2.api, [28]org.glassfish.hk2.locator, [29]org.glassfish.hk2.utils, [30]com.fasterxml.jackson.core.jackson-annotations, [31]com.fasterxml.jackson.core.jackson-core, [32]com.fasterxml.jackson.core.jackson-databind, [33]com.fasterxml.jackson.datatype.jackson-datatype-jdk8, [34]com.fasterxml.jackson.datatype.jackson-datatype-jsr310, [35]com.fasterxml.jackson.jaxrs.jackson-jaxrs-base, [36]com.fasterxml.jackson.jaxrs.jackson-jaxrs-json-provider, [37]com.fasterxml.jackson.module.jackson-module-jaxb-annotations, [38]javassist, [39]javax.ws.rs-api, [40]org.glassfish.jersey.core.jersey-client, [41]org.glassfish.jersey.core.jersey-common, [42]org.glassfish.jersey.containers.jersey-container-servlet, [43]org.glassfish.jersey.containers.jersey-container-servlet-core, [44]org.glassfish.jersey.ext.jersey-entity-filtering, [45]org.glassfish.jersey.bundles.repackaged.jersey-guava, [46]org.glassfish.jersey.media.jersey-media-jaxb, [47]org.glassfish.jersey.media.jersey-media-json-jackson, [48]org.glassfish.jersey.media.jersey-media-multipart, [49]org.jvnet.mimepull, [50]org.glassfish.jersey.core.jersey-server, [51]org.glassfish.jersey.ext.jersey-proxy-client, [52]org.glassfish.hk2.osgi-resource-locator, [53]javax.validation.api, [54]duokanexample}
1515663162.743	tj1-s-staging-rec06.kscn	27020/1	container-clustercontroller	Container.com.yahoo.container.core.config.BundleLoader	info	0 bundles were removed, and 6 bundles were installed.
1515663162.744	tj1-s-staging-rec06.kscn	27020/1	container-clustercontroller	Container.com.yahoo.container.core.config.BundleLoader	info	Installed bundles: {[0]org.apache.felix.framework, [1]container-disc, [2]config-bundle, [3]configdefinitions, [4]container-jersey2, [5]container-search-and-docproc, [6]docprocs, [7]jdisc_http_service, [8]org.objectweb.asm.all.debug, [9]javax.servlet-api, [10]org.eclipse.jetty.continuation, [11]org.eclipse.jetty.http, [12]org.eclipse.jetty.io, [13]org.eclipse.jetty.jmx, [14]org.eclipse.jetty.security, [15]org.eclipse.jetty.server, [16]org.eclipse.jetty.servlet, [17]org.eclipse.jetty.servlets, [18]org.eclipse.jetty.util, [19]org.apache.aries.spifly.dynamic.bundle, [20]org.apache.aries.util, [21]component, [22]vespaclient-container-plugin, [23]simplemetrics, [24]defaults, [25]zkfacade, [26]org.glassfish.hk2.external.aopalliance-repackaged, [27]org.glassfish.hk2.api, [28]org.glassfish.hk2.locator, [29]org.glassfish.hk2.utils, [30]com.fasterxml.jackson.core.jackson-annotations, [31]com.fasterxml.jackson.core.jackson-core, [32]com.fasterxml.jackson.core.jackson-databind, [33]com.fasterxml.jackson.datatype.jackson-datatype-jdk8, [34]com.fasterxml.jackson.datatype.jackson-datatype-jsr310, [35]com.fasterxml.jackson.jaxrs.jackson-jaxrs-base, [36]com.fasterxml.jackson.jaxrs.jackson-jaxrs-json-provider, [37]com.fasterxml.jackson.module.jackson-module-jaxb-annotations, [38]javassist, [39]javax.ws.rs-api, [40]org.glassfish.jersey.core.jersey-client, [41]org.glassfish.jersey.core.jersey-common, [42]org.glassfish.jersey.containers.jersey-container-servlet, [43]org.glassfish.jersey.containers.jersey-container-servlet-core, [44]org.glassfish.jersey.ext.jersey-entity-filtering, [45]org.glassfish.jersey.bundles.repackaged.jersey-guava, [46]org.glassfish.jersey.media.jersey-media-jaxb, [47]org.glassfish.jersey.media.jersey-media-json-jackson, [48]org.glassfish.jersey.media.jersey-media-multipart, [49]org.jvnet.mimepull, [50]org.glassfish.jersey.core.jersey-server, [51]org.glassfish.jersey.ext.jersey-proxy-client, [52]org.glassfish.hk2.osgi-resource-locator, [53]javax.validation.api, [54]clustercontroller-utils, [55]clustercontroller-apps, [56]clustercontroller-apputil, [57]clustercontroller-core, [58]duokanexample}
1515663162.754	tj1-s-staging-rec06.kscn	27016/1	container	Container.com.yahoo.container.core.config.BundleLoader	info	0 bundles were removed, and 1 bundles were installed.
1515663162.754	tj1-s-staging-rec06.kscn	27016/1	container	Container.com.yahoo.container.core.config.BundleLoader	info	Installed bundles: {[0]org.apache.felix.framework, [1]container-disc, [2]config-bundle, [3]configdefinitions, [4]container-jersey2, [5]container-search-and-docproc, [6]docprocs, [7]jdisc_http_service, [8]org.objectweb.asm.all.debug, [9]javax.servlet-api, [10]org.eclipse.jetty.continuation, [11]org.eclipse.jetty.http, [12]org.eclipse.jetty.io, [13]org.eclipse.jetty.jmx, [14]org.eclipse.jetty.security, [15]org.eclipse.jetty.server, [16]org.eclipse.jetty.servlet, [17]org.eclipse.jetty.servlets, [18]org.eclipse.jetty.util, [19]org.apache.aries.spifly.dynamic.bundle, [20]org.apache.aries.util, [21]component, [22]vespaclient-container-plugin, [23]simplemetrics, [24]defaults, [25]zkfacade, [26]org.glassfish.hk2.external.aopalliance-repackaged, [27]org.glassfish.hk2.api, [28]org.glassfish.hk2.locator, [29]org.glassfish.hk2.utils, [30]com.fasterxml.jackson.core.jackson-annotations, [31]com.fasterxml.jackson.core.jackson-core, [32]com.fasterxml.jackson.core.jackson-databind, [33]com.fasterxml.jackson.datatype.jackson-datatype-jdk8, [34]com.fasterxml.jackson.datatype.jackson-datatype-jsr310, [35]com.fasterxml.jackson.jaxrs.jackson-jaxrs-base, [36]com.fasterxml.jackson.jaxrs.jackson-jaxrs-json-provider, [37]com.fasterxml.jackson.module.jackson-module-jaxb-annotations, [38]javassist, [39]javax.ws.rs-api, [40]org.glassfish.jersey.core.jersey-client, [41]org.glassfish.jersey.core.jersey-common, [42]org.glassfish.jersey.containers.jersey-container-servlet, [43]org.glassfish.jersey.containers.jersey-container-servlet-core, [44]org.glassfish.jersey.ext.jersey-entity-filtering, [45]org.glassfish.jersey.bundles.repackaged.jersey-guava, [46]org.glassfish.jersey.media.jersey-media-jaxb, [47]org.glassfish.jersey.media.jersey-media-json-jackson, [48]org.glassfish.jersey.media.jersey-media-multipart, [49]org.jvnet.mimepull, [50]org.glassfish.jersey.core.jersey-server, [51]org.glassfish.jersey.ext.jersey-proxy-client, [52]org.glassfish.hk2.osgi-resource-locator, [53]javax.validation.api, [54]duokanexample}
1515663164.081	tj1-s-staging-rec06.kscn	27020/1	container-clustercontroller	Container.com.yahoo.metrics.simple.MetricManager	config	setting up simple metrics gathering. reportPeriodSeconds=60, pointsToKeepPerMetric=100
1515663164.140	tj1-s-staging-rec06.kscn	27020/1	container-clustercontroller	Container.org.eclipse.jetty.util.log.javautil	info	Logging initialized @4793ms to org.eclipse.jetty.util.log.JavaUtilLog
1515663164.173	tj1-s-staging-rec06.kscn	27020/1	container-clustercontroller	Container.com.yahoo.jdisc.http.server.jetty.JettyHttpServer	info	Creating janitor executor with 16 threads
1515663164.272	tj1-s-staging-rec06.kscn	27020/1	container-clustercontroller	Container.com.yahoo.container.osgi.ContainerRpcAdaptor	info	Registered name 'vespa/service/admin/cluster-controllers/0' at tcp/tj1-s-staging-rec06.kscn:19119 with: [tcp/tj1-s-staging-rec05.kscn:19099, tcp/tj1-s-staging-rec06.kscn:19099]
1515663164.283	tj1-s-staging-rec06.kscn	27021/1	docprocservice	Container.com.yahoo.metrics.simple.MetricManager	config	setting up simple metrics gathering. reportPeriodSeconds=60, pointsToKeepPerMetric=100
1515663164.379586	tj1-s-staging-rec06.kscn	27006/52820	config-sentinel	config-sentinel.metrics	event	value/1 name="currently_running_services" value=9
1515663164.379636	tj1-s-staging-rec06.kscn	27006/52820	config-sentinel	config-sentinel.metrics	event	value/1 name="total_restarts_last_period" value=1
1515663164.379647	tj1-s-staging-rec06.kscn	27006/52820	config-sentinel	config-sentinel.metrics	event	count/1 name="total_restarts_counter" value=0
1515663164.382	tj1-s-staging-rec06.kscn	27020/27	container-clustercontroller	Container.com.yahoo.jrt.slobrok.api.Register	info	RPC server tcp/tj1-s-staging-rec06.kscn:19119 registering vespa/service/admin/cluster-controllers/0 with Slobrok server tcp/tj1-s-staging-rec05.kscn:19099 completed successfully
1515663164.424885	tj1-s-staging-rec06.kscn	27021	docprocservice	stdout	info	[GC (Allocation Failure)  629248K->18842K(1494272K), 0.0454130 secs]
1515663164.596067	tj1-s-staging-rec06.kscn	27020	container-clustercontroller	stdout	info	[GC (CMS Initial Mark)  137266K(498112K), 0.0044635 secs]
1515663164.606	tj1-s-staging-rec06.kscn	27021/1	docprocservice	Container.com.yahoo.container.osgi.ContainerRpcAdaptor	info	Registered name 'vespa/service/docproc/cluster.duokan.indexing/0' at tcp/tj1-s-staging-rec06.kscn:19125 with: [tcp/tj1-s-staging-rec06.kscn:19099, tcp/tj1-s-staging-rec05.kscn:19099]
1515663164.672	tj1-s-staging-rec06.kscn	27020/1	container-clustercontroller	Container.com.yahoo.vespa.clustercontroller.core.FleetController	info	Starting up cluster controller 0 for cluster duokan
1515663164.680	tj1-s-staging-rec06.kscn	27020/81	container-clustercontroller	Container.com.yahoo.vespa.clustercontroller.core.database.DatabaseHandler	info	Fleetcontroller 0: Setting up new ZooKeeper session at tj1-s-staging-rec06.kscn:2181
1515663164.689	tj1-s-staging-rec06.kscn	27020/84	container-clustercontroller	Container.com.yahoo.vespa.clustercontroller.core.database.ZooKeeperDatabase	info	Fleetcontroller 0: Connection to zookeeper server established. Refetching master data
1515663164.700	tj1-s-staging-rec06.kscn	27020/81	container-clustercontroller	Container.com.yahoo.vespa.clustercontroller.core.database.ZooKeeperDatabase	info	Fleetcontroller 0: Creating ephemeral master vote node with vote to self.
1515663164.705	tj1-s-staging-rec06.kscn	27020/81	container-clustercontroller	Container.com.yahoo.vespa.clustercontroller.core.database.DatabaseHandler	info	Fleetcontroller 0: Done setting up new ZooKeeper session at tj1-s-staging-rec06.kscn:2181
1515663164.707	tj1-s-staging-rec06.kscn	27020/84	container-clustercontroller	Container.com.yahoo.vespa.clustercontroller.core.database.MasterDataGatherer	info	Fleetcontroller 0: Got node list response from /vespa/fleetcontroller/duokan/indexes version 0 with 1 nodes
1515663164.708	tj1-s-staging-rec06.kscn	27020/81	container-clustercontroller	Container.com.yahoo.vespa.clustercontroller.core.database.ZooKeeperDatabase	info	Fleetcontroller 0: Stored new vote in ephemeral node. 0 -> 0
1515663164.709	tj1-s-staging-rec06.kscn	27020/84	container-clustercontroller	Container.com.yahoo.vespa.clustercontroller.core.database.MasterDataGatherer	info	Fleetcontroller 0: Got vote data from path /vespa/fleetcontroller/duokan/indexes/0 with code 0 and data 0
1515663164.710	tj1-s-staging-rec06.kscn	27020/84	container-clustercontroller	Container.com.yahoo.vespa.clustercontroller.core.database.MasterDataGatherer	info	Fleetcontroller 0: Got vote from fleetcontroller 0. Altering vote from null to 0.
1515663164.713	tj1-s-staging-rec06.kscn	27020/81	container-clustercontroller	Container.com.yahoo.vespa.clustercontroller.core.database.ZooKeeperDatabase	info	Fleetcontroller 0: Read cluster state version 45 from ZooKeeper
1515663164.718	tj1-s-staging-rec06.kscn	27020/81	container-clustercontroller	Container.com.yahoo.vespa.clustercontroller.core.EventLog	info	Cluster event type MASTER_ELECTION @1515663164717: This node just became fleetcontroller master. Bumped version to 45 to be in line.
1515663164.715	tj1-s-staging-rec06.kscn	27021/27	docprocservice	Container.com.yahoo.jrt.slobrok.api.Register	info	RPC server tcp/tj1-s-staging-rec06.kscn:19125 registering vespa/service/docproc/cluster.duokan.indexing/0 with Slobrok server tcp/tj1-s-staging-rec06.kscn:19099 completed successfully
1515663164.739	tj1-s-staging-rec06.kscn	27020/1	container-clustercontroller	Container.org.eclipse.jetty.server.Server	info	jetty-9.4.8.v20171121, build timestamp: 2017-11-22T05:27:37+08:00, git hash: 82b8fb23f757335bb3329d540ce37a2a2615f0a8
1515663164.740	tj1-s-staging-rec06.kscn	27020/81	container-clustercontroller	Container.com.yahoo.vespa.clustercontroller.core.EventLog	info	Cluster event type SYSTEMSTATE @1515663164739: Too few storage nodes available in cluster. Setting cluster state down
1515663164.742	tj1-s-staging-rec06.kscn	27020/81	container-clustercontroller	Container.com.yahoo.vespa.clustercontroller.core.EventLog	info	Cluster event type SYSTEMSTATE @1515663164739: New cluster state version 46. Change from last: version: 0 => 46, cluster: Up => Down, bits: 16 => 8, storage: [0: description:  => Node not seen in slobrok., 1: description:  => Node not seen in slobrok.], distributor: [0: description:  => Node not seen in slobrok., 1: description:  => Node not seen in slobrok.]
1515663164.742	tj1-s-staging-rec06.kscn	27020/81	container-clustercontroller	Container.com.yahoo.vespa.clustercontroller.core.EventLog	info	Cluster event type SYSTEMSTATE @1515663164739: Altering distribution bits in system from 16 to 8
1515663164.743	tj1-s-staging-rec06.kscn	27020/81	container-clustercontroller	Container.com.yahoo.vespa.clustercontroller.core.database.ZooKeeperDatabase	info	Fleetcontroller 0: Storing new cluster state version in ZooKeeper: 46
1515663164.750	tj1-s-staging-rec06.kscn	27020/81	container-clustercontroller	Container.com.yahoo.vespa.clustercontroller.core.MasterElectionHandler	info	Cluster controller 0: Got new fleet data with 1 entries: {0=0}
1515663164.770	tj1-s-staging-rec06.kscn	27020/1	container-clustercontroller	Container.org.eclipse.jetty.server.handler.ContextHandler	info	Started o.e.j.s.ServletContextHandler@3af7d855{/,null,AVAILABLE}
1515663164.771	tj1-s-staging-rec06.kscn	27020/1	container-clustercontroller	Container.com.yahoo.jdisc.http.server.jetty.JDiscServerConnector	info	No channel set by activator, opening channel ourselves.
1515663164.785	tj1-s-staging-rec06.kscn	27020/1	container-clustercontroller	Container.org.eclipse.jetty.server.AbstractConnector	info	Started SearchServer@640ab13c{HTTP/1.1,[http/1.1]}{0.0.0.0:19050}
1515663164.785	tj1-s-staging-rec06.kscn	27020/1	container-clustercontroller	Container.org.eclipse.jetty.server.Server	info	Started @5438ms
1515663164.785	tj1-s-staging-rec06.kscn	27020/1	container-clustercontroller	Container.com.yahoo.container.jdisc.ConfiguredApplication	info	Switching to the latest deployed set of configurations and components. Application switch number: 0
1515663164.811	tj1-s-staging-rec06.kscn	27021/1	docprocservice	Container.com.yahoo.container.jdisc.messagebus.SessionCache	config	Amount of memory reserved for container core: 150 MB.
1515663164.812	tj1-s-staging-rec06.kscn	27021/1	docprocservice	Container.com.yahoo.container.jdisc.messagebus.SessionCache	config	Running with document expansion factor 80.0
1515663164.812	tj1-s-staging-rec06.kscn	27021/1	docprocservice	Container.com.yahoo.container.jdisc.messagebus.SessionCache	config	Starting message bus with max 2048 pending messages and max 77.0 pending megabytes.
1515663164.852	tj1-s-staging-rec06.kscn	27020/81	container-clustercontroller	Container.com.yahoo.vespa.clustercontroller.core.EventLog	info	Added node only event: Event: distributor.0: Node distributor.0 has a new address in slobrok: tcp/tj1-s-staging-rec06.kscn:19115
1515663164.852	tj1-s-staging-rec06.kscn	27020/81	container-clustercontroller	Container.com.yahoo.vespa.clustercontroller.core.EventLog	info	Added node only event: Event: distributor.1: Node distributor.1 has a new address in slobrok: tcp/tj1-s-staging-rec05.kscn:19115
1515663164.852	tj1-s-staging-rec06.kscn	27020/81	container-clustercontroller	Container.com.yahoo.vespa.clustercontroller.core.EventLog	info	Added node only event: Event: storage.0: Node storage.0 has a new address in slobrok: tcp/tj1-s-staging-rec06.kscn:19106
1515663164.853	tj1-s-staging-rec06.kscn	27020/81	container-clustercontroller	Container.com.yahoo.vespa.clustercontroller.core.EventLog	info	Added node only event: Event: storage.1: Node storage.1 has a new address in slobrok: tcp/tj1-s-staging-rec05.kscn:19106
1515663164.857	tj1-s-staging-rec06.kscn	27020/81	container-clustercontroller	Container.com.yahoo.vespa.clustercontroller.core.EventLog	info	Added node only event: Event: distributor.0: Altered min distribution bit count from 16 to 58
1515663164.865	tj1-s-staging-rec06.kscn	27020/81	container-clustercontroller	Container.com.yahoo.vespa.clustercontroller.core.EventLog	info	Added node only event: Event: distributor.1: Altered min distribution bit count from 16 to 58
1515663164.868	tj1-s-staging-rec06.kscn	27020/81	container-clustercontroller	Container.com.yahoo.vespa.clustercontroller.core.EventLog	info	Added node only event: Event: storage.0: Altered min distribution bit count from 16 to 58
1515663164.877	tj1-s-staging-rec06.kscn	27020/81	container-clustercontroller	Container.com.yahoo.vespa.clustercontroller.core.EventLog	info	Added node only event: Event: storage.0: Altered node state in cluster state from 'D: Node not seen in slobrok.' to 'U, t 1515663160, b 58'
1515663164.877	tj1-s-staging-rec06.kscn	27020/81	container-clustercontroller	Container.com.yahoo.vespa.clustercontroller.core.EventLog	info	Added node only event: Event: distributor.0: Altered node state in cluster state from 'D: Node not seen in slobrok.' to 'U, t 1515663159, b 58'
1515663164.877	tj1-s-staging-rec06.kscn	27020/81	container-clustercontroller	Container.com.yahoo.vespa.clustercontroller.core.EventLog	info	Added node only event: Event: distributor.1: Altered node state in cluster state from 'D: Node not seen in slobrok.' to 'U, b 58'
1515663164.877	tj1-s-staging-rec06.kscn	27020/81	container-clustercontroller	Container.com.yahoo.vespa.clustercontroller.core.EventLog	info	Cluster event type SYSTEMSTATE @1515663164875: Enough nodes available for system to become up
1515663164.877	tj1-s-staging-rec06.kscn	27020/81	container-clustercontroller	Container.com.yahoo.vespa.clustercontroller.core.EventLog	info	Cluster event type SYSTEMSTATE @1515663164875: New cluster state version 47. Change from last: version: 46 => 47, cluster: Down => Up, storage: 0: [Down => Up, minUsedBits: 16 => 58, startTimestamp: 0 => 1515663160, disks: 0 => 1, description: Node not seen in slobrok. => ], distributor: [0: [Down => Up, minUsedBits: 16 => 58, startTimestamp: 0 => 1515663159, description: Node not seen in slobrok. => ], 1: [Down => Up, minUsedBits: 16 => 58, description: Node not seen in slobrok. => ]]
1515663164.877	tj1-s-staging-rec06.kscn	27020/81	container-clustercontroller	Container.com.yahoo.vespa.clustercontroller.core.database.ZooKeeperDatabase	info	Fleetcontroller 0: Storing new cluster state version in ZooKeeper: 47
1515663164.879	tj1-s-staging-rec06.kscn	27020/81	container-clustercontroller	Container.com.yahoo.vespa.clustercontroller.core.EventLog	info	Added node only event: Event: storage.1: Altered min distribution bit count from 16 to 58
1515663164.885	tj1-s-staging-rec06.kscn	27020/81	container-clustercontroller	Container.com.yahoo.vespa.clustercontroller.core.EventLog	info	Added node only event: Event: storage.1: Altered node state in cluster state from 'D: Node not seen in slobrok.' to 'U, b 58'
1515663164.886	tj1-s-staging-rec06.kscn	27020/81	container-clustercontroller	Container.com.yahoo.vespa.clustercontroller.core.EventLog	info	Cluster event type SYSTEMSTATE @1515663164884: New cluster state version 48. Change from last: version: 47 => 48, storage: 1: [Down => Up, minUsedBits: 16 => 58, disks: 0 => 1, description: Node not seen in slobrok. => ]
1515663164.886	tj1-s-staging-rec06.kscn	27020/81	container-clustercontroller	Container.com.yahoo.vespa.clustercontroller.core.database.ZooKeeperDatabase	info	Fleetcontroller 0: Storing new cluster state version in ZooKeeper: 48
1515663164.887	tj1-s-staging-rec06.kscn	27020/81	container-clustercontroller	Container.com.yahoo.vespa.clustercontroller.core.SystemStateBroadcaster	info	Publishing cluster state version 48
1515663164.890186	tj1-s-staging-rec06.kscn	27018/32302	searchnode	proton.state.manager	info	Transitioning from state 'Down' to 'Up' (cluster state version 48)
1515663164.892218	tj1-s-staging-rec06.kscn	27019/54233	distributor	vds.node.server	info	Distributor node ready. Done initializing. Giving out of sequence metric event. Config id is duokan/distributor/0
1515663164.892270	tj1-s-staging-rec06.kscn	27019/54233	distributor	vds.node.server	event	started/1 name="distributor"
1515663164.893547	tj1-s-staging-rec06.kscn	27019/62441	distributor	vds.metrics.metric.value	event	value/1 name="vds_idealstate_idealstate_diff" value=0
1515663164.893583	tj1-s-staging-rec06.kscn	27019/62441	distributor	vds.metrics.metric.value	event	value/1 name="vds_idealstate_buckets_toofewcopies" value=0
1515663164.893593	tj1-s-staging-rec06.kscn	27019/62441	distributor	vds.metrics.metric.value	event	value/1 name="vds_idealstate_buckets_toomanycopies" value=0
1515663164.893602	tj1-s-staging-rec06.kscn	27019/62441	distributor	vds.metrics.metric.value	event	value/1 name="vds_idealstate_buckets" value=0
1515663164.893608	tj1-s-staging-rec06.kscn	27019/62441	distributor	vds.metrics.metric.value	event	value/1 name="vds_idealstate_buckets_notrusted" value=0
1515663164.893618	tj1-s-staging-rec06.kscn	27019/62441	distributor	vds.metrics.metric.value	event	value/1 name="vds_idealstate_delete_bucket_pending" value=0
1515663164.893625	tj1-s-staging-rec06.kscn	27019/62441	distributor	vds.metrics.metric.value	event	value/1 name="vds_idealstate_merge_bucket_pending" value=0
1515663164.893632	tj1-s-staging-rec06.kscn	27019/62441	distributor	vds.metrics.metric.value	event	value/1 name="vds_idealstate_split_bucket_pending" value=0
1515663164.893640	tj1-s-staging-rec06.kscn	27019/62441	distributor	vds.metrics.metric.value	event	value/1 name="vds_idealstate_join_bucket_pending" value=0
1515663164.893647	tj1-s-staging-rec06.kscn	27019/62441	distributor	vds.metrics.metric.value	event	value/1 name="vds_idealstate_set_bucket_state_pending" value=0
1515663164.893661	tj1-s-staging-rec06.kscn	27019/62441	distributor	vds.metrics.metric.value	event	value/1 name="vds_idealstate_garbage_collection_pending" value=0
1515663164.893669	tj1-s-staging-rec06.kscn	27019/62441	distributor	vds.metrics.metric.value	event	value/1 name="vds_distributor_docsstored" value=0
1515663164.893678	tj1-s-staging-rec06.kscn	27019/62441	distributor	vds.metrics.metric.value	event	value/1 name="vds_distributor_bytesstored" value=0
1515663164.894540	tj1-s-staging-rec06.kscn	27019/54233	distributor	vds.state.manager	info	Transitioning from state 'Down' to 'Up' (cluster state version 48)
1515663164.949	tj1-s-staging-rec06.kscn	27021/1	docprocservice	Container.com.yahoo.docproc.jdisc.DocprocThreadManager	config	Docproc service allowed to concurrently process 256.0 megabytes of input data.
1515663164.953	tj1-s-staging-rec06.kscn	27021/1	docprocservice	Container.com.yahoo.docproc.jdisc.DocumentProcessingHandler	config	Setting up call stack for chain indexing
1515663164.959	tj1-s-staging-rec06.kscn	27021/1	docprocservice	Container.com.yahoo.statistics.Counter	event	count/1 name=docprocessor_indexing_com_yahoo_docprocs_indexing_IndexingProcessor_indexing_documents value=0
1515663164.959	tj1-s-staging-rec06.kscn	27021/1	docprocservice	Container.com.yahoo.statistics.Counter	event	value/1 name=docprocessor_indexing_com_yahoo_docprocs_indexing_IndexingProcessor_indexing_proctime value=0.0
1515663164.961	tj1-s-staging-rec06.kscn	27021/1	docprocservice	Container.com.yahoo.statistics.Counter	event	count/1 name=chain_indexing_documents value=0
1515663164.987	tj1-s-staging-rec06.kscn	27021/583	docprocservice	Container.com.yahoo.jrt.slobrok.api.Register	info	RPC server tcp/tj1-s-staging-rec06.kscn:19124 registering docproc/cluster.duokan.indexing/0/chain.indexing with Slobrok server tcp/tj1-s-staging-rec06.kscn:19099 completed successfully
1515663164.996	tj1-s-staging-rec06.kscn	27020/81	container-clustercontroller	Container.com.yahoo.vespa.clustercontroller.core.EventLog	info	Cluster event type SYSTEMSTATE @1515663164996: Reset 2 start timestamps as all available distributors have seen newest cluster state.
1515663164.998	tj1-s-staging-rec06.kscn	27020/81	container-clustercontroller	Container.com.yahoo.vespa.clustercontroller.core.EventLog	info	Added node only event: Event: storage.0: Altered node state in cluster state from 'U, t 1515663160, b 58' to 'U, b 58'
1515663164.998	tj1-s-staging-rec06.kscn	27020/81	container-clustercontroller	Container.com.yahoo.vespa.clustercontroller.core.EventLog	info	Added node only event: Event: distributor.0: Altered node state in cluster state from 'U, t 1515663159, b 58' to 'U, b 58'
1515663164.998	tj1-s-staging-rec06.kscn	27020/81	container-clustercontroller	Container.com.yahoo.vespa.clustercontroller.core.EventLog	info	Cluster event type SYSTEMSTATE @1515663164998: New cluster state version 49. Change from last: version: 48 => 49, official: true => false, storage: 0: startTimestamp: 1515663160 => 0, distributor: 0: startTimestamp: 1515663159 => 0
1515663164.999	tj1-s-staging-rec06.kscn	27020/81	container-clustercontroller	Container.com.yahoo.vespa.clustercontroller.core.database.ZooKeeperDatabase	info	Fleetcontroller 0: Storing new cluster state version in ZooKeeper: 49
1515663165.003	tj1-s-staging-rec06.kscn	27021/1	docprocservice	Container.org.eclipse.jetty.util.log.javautil	info	Logging initialized @5657ms to org.eclipse.jetty.util.log.JavaUtilLog
1515663165.038	tj1-s-staging-rec06.kscn	27021/1	docprocservice	Container.com.yahoo.jdisc.http.server.jetty.JettyHttpServer	info	Creating janitor executor with 16 threads
1515663165.146	tj1-s-staging-rec06.kscn	27021/1	docprocservice	Container.org.eclipse.jetty.server.Server	info	jetty-9.4.8.v20171121, build timestamp: 2017-11-22T05:27:37+08:00, git hash: 82b8fb23f757335bb3329d540ce37a2a2615f0a8
1515663165.176	tj1-s-staging-rec06.kscn	27021/1	docprocservice	Container.org.eclipse.jetty.server.handler.ContextHandler	info	Started o.e.j.s.ServletContextHandler@3c74aa0d{/,null,AVAILABLE}
1515663165.176	tj1-s-staging-rec06.kscn	27021/1	docprocservice	Container.com.yahoo.jdisc.http.server.jetty.JDiscServerConnector	info	No channel set by activator, opening channel ourselves.
1515663165.189	tj1-s-staging-rec06.kscn	27021/1	docprocservice	Container.org.eclipse.jetty.server.AbstractConnector	info	Started SearchServer@ae202c6{HTTP/1.1,[http/1.1]}{0.0.0.0:19122}
1515663165.190	tj1-s-staging-rec06.kscn	27021/1	docprocservice	Container.org.eclipse.jetty.server.Server	info	Started @5844ms
1515663165.190	tj1-s-staging-rec06.kscn	27021/1	docprocservice	Container.com.yahoo.container.jdisc.ConfiguredApplication	info	Switching to the latest deployed set of configurations and components. Application switch number: 0
1515663165.839882	tj1-s-staging-rec06.kscn	27016	container	stdout	info	[GC (Allocation Failure)  629248K->23441K(1494272K), 0.0241127 secs]
1515663165.839933	tj1-s-staging-rec06.kscn	27016	container	stdout	info	[GC (CMS Initial Mark)  51380K(1494272K), 0.0023457 secs]
1515663166.048	tj1-s-staging-rec06.kscn	27016/1	container	Container.com.yahoo.metrics.simple.MetricManager	config	setting up simple metrics gathering. reportPeriodSeconds=60, pointsToKeepPerMetric=100
1515663166.060	tj1-s-staging-rec06.kscn	27016/1	container	Container.com.yahoo.statistics.Counter	event	count/1 name=queries value=0
1515663166.062	tj1-s-staging-rec06.kscn	27016/1	container	Container.com.yahoo.statistics.Counter	event	count/1 name=failed_queries value=0
1515663166.063	tj1-s-staging-rec06.kscn	27016/1	container	Container.com.yahoo.statistics.Counter	event	count/1 name=null_queries value=0
1515663166.063	tj1-s-staging-rec06.kscn	27016/1	container	Container.com.yahoo.statistics.Counter	event	count/1 name=illegal_queries value=0
1515663166.065	tj1-s-staging-rec06.kscn	27016/1	container	Container.com.yahoo.statistics.Value	event	value/1 name=mean_query_latency value=0.0
1515663166.066	tj1-s-staging-rec06.kscn	27016/1	container	Container.com.yahoo.statistics.Value	event	value/1 name=max_query_latency value=0.0
1515663166.067	tj1-s-staging-rec06.kscn	27016/1	container	Container.com.yahoo.statistics.Value	event	histogram/1 name=query_latency counts="(0) < 25.0 (0) < 50.0 (0) < 100.0 (0) < 500.0 (0)" representation=REGULAR
1515663166.071	tj1-s-staging-rec06.kscn	27016/1	container	Container.com.yahoo.statistics.Value	event	value/1 name=active_queries value=0.0
1515663166.072	tj1-s-staging-rec06.kscn	27016/1	container	Container.com.yahoo.statistics.Value	event	value/1 name=peak_qps value=0.0
1515663166.072	tj1-s-staging-rec06.kscn	27016/1	container	Container.com.yahoo.statistics.Value	event	value/1 name=hits_per_query value=0.0
1515663166.072	tj1-s-staging-rec06.kscn	27016/1	container	Container.com.yahoo.statistics.Counter	event	count/1 name=empty_results value=0
1515663166.349	tj1-s-staging-rec06.kscn	27016/1	container	Container.com.yahoo.statistics.Value	event	value/1 name=duokan.cache_hit_ratio value=0.0
1515663166.350	tj1-s-staging-rec06.kscn	27016/1	container	Container.com.yahoo.prelude.cluster.ClusterSearcher	info	Enabling cache for search cluster duokan (size=1, timeout=0.0)
1515663166.377	tj1-s-staging-rec06.kscn	27016/1	container	Container.com.yahoo.vespa.hbase.HbaseHandler	info	Creating Hbase client
1515663166.399	tj1-s-staging-rec06.kscn	27016/1	container	Container.com.xiaomi.miliao.zookeeper.ZKSettings	warning	No ZK servers defined for NONE
1515663166.425584	tj1-s-staging-rec06.kscn	27021	docprocservice	stdout	info	[GC (CMS Initial Mark)  395481K(1494272K), 0.0096449 secs]
1515663166.526	tj1-s-staging-rec06.kscn	27016/1	container	Container.com.yahoo.vespa.hbase.HbaseHandler	info	hbase config path : zk://zk1.staging.srv:2181,zk2.staging.srv:2181,zk3.staging.srv:2181,zk4.staging.srv:2181,zk5.staging.srv:2181/databases/hbase/sns/vespa
1515663166.654	tj1-s-staging-rec06.kscn	27016/1	container	Container.com.xiaomi.infra.hbase.client.HConfigUtil	info	HBase load client information from zkServer=zk1.staging.srv:2181,zk2.staging.srv:2181,zk3.staging.srv:2181,zk4.staging.srv:2181,zk5.staging.srv:2181, zkPath=/databases/hbase/sns/vespa
1515663166.688330	tj1-s-staging-rec06.kscn	27016	container	stderr	warning	log4j:ERROR A "org.apache.log4j.PatternLayout" object is not assignable to a "org.apache.log4j.Layout" variable.
1515663166.688377	tj1-s-staging-rec06.kscn	27016	container	stderr	warning	log4j:ERROR The class "org.apache.log4j.Layout" was loaded by 
1515663166.688384	tj1-s-staging-rec06.kscn	27016	container	stderr	warning	log4j:ERROR [duokanexample [54]] whereas object of type 
1515663166.688389	tj1-s-staging-rec06.kscn	27016	container	stderr	warning	log4j:ERROR "org.apache.log4j.PatternLayout" was loaded by [sun.misc.Launcher$AppClassLoader@5c647e05].
1515663166.711932	tj1-s-staging-rec06.kscn	27016	container	stderr	warning	log4j:ERROR No layout set for the appender named [stdout].
1515663166.797	tj1-s-staging-rec06.kscn	27016/1	container	Container.com.xiaomi.infra.hbase.client.InternalHBaseClient	info	Load HBase configuration, cluster name=hytst-staging98
1515663166.806	tj1-s-staging-rec06.kscn	27016/1	container	Container.com.xiaomi.infra.hbase.client.InternalHBaseClient	info	HBaseClient Configuration:\nhbase.client.ipc.pool.size=null\nhbase.rpc.timeout=1000\nhbase.client.operation.timeout=3000\nhbase.client.retries.number=3\nhbase.client.prefetch.limit=10\nhbase.client.scanner.caching=30\nhbase.ipc.client.connection.maxidletime=null\nzookeeper.session.timeout=90000\nzookeeper.recovery.retry=null\nhbase.client.tablepool.maxsize=null\nhbase.zookeeper.quorum=localhost\nhbase.zookeeper.property.clientPort=2181\nhbase.cluster.name=hytst-staging98\nhbase.client.write.enabled=null\nhbase.client.read.enabled=null\nhbase.client.autoflush=null\nhbase.slow.access.cutoff=null\nhbase.ipc.client.tcpnodelay=true\nipc.socket.timeout=null\n
1515663166.808	tj1-s-staging-rec06.kscn	27016/1	container	Container.com.xiaomi.infra.hbase.client.HConfigUtil	info	trace config change from zk server = zk1.staging.srv:2181,zk2.staging.srv:2181,zk3.staging.srv:2181,zk4.staging.srv:2181,zk5.staging.srv:2181, path = /databases/hbase/sns/vespa
1515663166.810	tj1-s-staging-rec06.kscn	27016/1	container	Container.com.yahoo.vespa.hbase.HbaseHandler	info	Create Hbase Client successfully
1515663166.972829	tj1-s-staging-rec06.kscn	27016	container	stdout	info	[GC (CMS Final Remark)  411971K(1494272K), 0.0258533 secs]
1515663167.209	tj1-s-staging-rec06.kscn	27016/1	container	Container.com.yahoo.statistics.Value	event	value/1 name=search_connections value=0.0
1515663167.209	tj1-s-staging-rec06.kscn	27016/1	container	Container.com.yahoo.statistics.Value	event	value/1 name=search_connections.mean value=0.0
1515663167.209	tj1-s-staging-rec06.kscn	27016/1	container	Container.com.yahoo.statistics.Value	event	value/1 name=search_connections.min value=0.0
1515663167.209	tj1-s-staging-rec06.kscn	27016/1	container	Container.com.yahoo.statistics.Value	event	value/1 name=search_connections.max value=0.0
1515663167.332620	tj1-s-staging-rec06.kscn	27016	container	stdout	info	[GC (Allocation Failure)  652689K->26064K(1494272K), 0.0148964 secs]
1515663167.399	tj1-s-staging-rec06.kscn	27016/1	container	Container.org.eclipse.jetty.util.log.javautil	info	Logging initialized @8052ms to org.eclipse.jetty.util.log.JavaUtilLog
1515663167.432	tj1-s-staging-rec06.kscn	27016/1	container	Container.com.yahoo.jdisc.http.server.jetty.JettyHttpServer	info	Creating janitor executor with 16 threads
1515663167.522	tj1-s-staging-rec06.kscn	27016/1	container	Container.com.yahoo.container.osgi.ContainerRpcAdaptor	info	Registered name 'vespa/service/DuokanContainer/container.0' at tcp/tj1-s-staging-rec06.kscn:19102 with: [tcp/tj1-s-staging-rec05.kscn:19099, tcp/tj1-s-staging-rec06.kscn:19099]
1515663167.526	tj1-s-staging-rec06.kscn	27016/27	container	Container.com.yahoo.jrt.slobrok.api.Register	info	RPC server tcp/tj1-s-staging-rec06.kscn:19102 registering vespa/service/DuokanContainer/container.0 with Slobrok server tcp/tj1-s-staging-rec05.kscn:19099 completed successfully
1515663167.559	tj1-s-staging-rec06.kscn	27016/1	container	Container.org.eclipse.jetty.server.Server	info	jetty-9.4.8.v20171121, build timestamp: 2017-11-22T05:27:37+08:00, git hash: 82b8fb23f757335bb3329d540ce37a2a2615f0a8
1515663167.589	tj1-s-staging-rec06.kscn	27016/1	container	Container.org.eclipse.jetty.server.handler.ContextHandler	info	Started o.e.j.s.ServletContextHandler@677349fb{/,null,AVAILABLE}
1515663167.589	tj1-s-staging-rec06.kscn	27016/1	container	Container.com.yahoo.jdisc.http.server.jetty.JDiscServerConnector	info	No channel set by activator, opening channel ourselves.
1515663167.600	tj1-s-staging-rec06.kscn	27016/1	container	Container.org.eclipse.jetty.server.AbstractConnector	info	Started SearchServer@716f94c1{HTTP/1.1,[http/1.1]}{0.0.0.0:8080}
1515663167.600	tj1-s-staging-rec06.kscn	27016/1	container	Container.org.eclipse.jetty.server.Server	info	Started @8253ms
1515663167.600	tj1-s-staging-rec06.kscn	27016/1	container	Container.com.yahoo.container.jdisc.ConfiguredApplication	info	Switching to the latest deployed set of configurations and components. Application switch number: 0
1515663169.696300	tj1-s-staging-rec06.kscn	27020	container-clustercontroller	stdout	info	[GC (CMS Final Remark)  171662K(498112K), 0.0172810 secs]
1515663171.595682	tj1-s-staging-rec06.kscn	27021	docprocservice	stdout	info	[GC (CMS Final Remark)  451006K(1494272K), 0.0187334 secs]
1515663174.924	tj1-s-staging-rec06.kscn	27020/81	container-clustercontroller	Container.com.yahoo.vespa.clustercontroller.core.SystemStateBroadcaster	info	Publishing cluster state version 49
1515663180.001	tj1-s-staging-rec06.kscn	16332/45	configserver	Container.com.yahoo.statistics.Counter	event	count/1 name=configserver.failedRequests value=0
1515663180.001	tj1-s-staging-rec06.kscn	16332/45	configserver	Container.com.yahoo.statistics.Counter	event	count/1 name=procTime value=2765
1515663180.000	tj1-s-staging-rec06.kscn	27021/559	docprocservice	Container.com.yahoo.statistics.Counter	event	count/1 name=docprocessor_indexing_com_yahoo_docprocs_indexing_IndexingProcessor_indexing_documents value=0
1515663180.001	tj1-s-staging-rec06.kscn	16332/45	configserver	Container.com.yahoo.statistics.Counter	event	count/1 name=configserver.requests value=19329
1515663180.001	tj1-s-staging-rec06.kscn	27021/559	docprocservice	Container.com.yahoo.statistics.Counter	event	value/1 name=docprocessor_indexing_com_yahoo_docprocs_indexing_IndexingProcessor_indexing_proctime value=0.0
1515663180.001	tj1-s-staging-rec06.kscn	27016/56	container	Container.com.yahoo.statistics.Counter	event	count/1 name=queries value=0
1515663180.003	tj1-s-staging-rec06.kscn	27021/559	docprocservice	Container.com.yahoo.statistics.Counter	event	count/1 name=chain_indexing_documents value=0
1515663180.003	tj1-s-staging-rec06.kscn	27016/56	container	Container.com.yahoo.statistics.Counter	event	count/1 name=failed_queries value=0
1515663180.003	tj1-s-staging-rec06.kscn	27016/56	container	Container.com.yahoo.statistics.Counter	event	count/1 name=illegal_queries value=0
1515663180.004	tj1-s-staging-rec06.kscn	27016/56	container	Container.com.yahoo.statistics.Value	event	value/1 name=active_queries value=0.0
1515663180.004	tj1-s-staging-rec06.kscn	27016/56	container	Container.com.yahoo.statistics.Value	event	value/1 name=peak_qps value=0.0
1515663180.004	tj1-s-staging-rec06.kscn	27016/56	container	Container.com.yahoo.statistics.Value	event	value/1 name=mean_query_latency value=0.0
1515663180.004	tj1-s-staging-rec06.kscn	27016/56	container	Container.com.yahoo.statistics.Value	event	value/1 name=hits_per_query value=0.0
1515663180.004	tj1-s-staging-rec06.kscn	27016/56	container	Container.com.yahoo.statistics.Counter	event	count/1 name=empty_results value=0
1515663180.004	tj1-s-staging-rec06.kscn	27016/56	container	Container.com.yahoo.statistics.Counter	event	count/1 name=null_queries value=0
1515663180.004	tj1-s-staging-rec06.kscn	27016/56	container	Container.com.yahoo.statistics.Value	event	value/1 name=max_query_latency value=0.0
1515663180.004	tj1-s-staging-rec06.kscn	27016/56	container	Container.com.yahoo.statistics.Value	event	value/1 name=duokan.cache_hit_ratio value=0.0
1515663180.004	tj1-s-staging-rec06.kscn	27016/56	container	Container.com.yahoo.statistics.Value	event	value/1 name=search_connections value=0.0
1515663180.005	tj1-s-staging-rec06.kscn	27016/56	container	Container.com.yahoo.statistics.Value	event	value/1 name=search_connections.mean value=0.0
1515663180.005	tj1-s-staging-rec06.kscn	27016/56	container	Container.com.yahoo.statistics.Value	event	value/1 name=search_connections.min value=0.0
1515663180.005	tj1-s-staging-rec06.kscn	27016/56	container	Container.com.yahoo.statistics.Value	event	value/1 name=search_connections.max value=0.0
1515663180.005	tj1-s-staging-rec06.kscn	27016/56	container	Container.com.yahoo.statistics.Value	event	histogram/1 name=query_latency counts="(0) < 25.0 (0) < 50.0 (0) < 100.0 (0) < 500.0 (0)" representation=REGULAR
1515663220.181573	tj1-s-staging-rec06.kscn	27018/4741	searchnode	proton.transactionlog.server	event	count/1 name="translogserver.item.serialnum.last" value=2
1515663220.181905	tj1-s-staging-rec06.kscn	27018/4741	searchnode	proton.transactionlog.server	event	count/1 name="translogserver.item.serialnum.first" value=2
1515663220.181922	tj1-s-staging-rec06.kscn	27018/4741	searchnode	proton.transactionlog.server	event	value/1 name="translogserver.item.serialnum.numused" value=1
1515663220.181930	tj1-s-staging-rec06.kscn	27018/4741	searchnode	proton.transactionlog.server	event	count/1 name="translogserver.tag.serialnum.last" value=2
1515663220.181936	tj1-s-staging-rec06.kscn	27018/4741	searchnode	proton.transactionlog.server	event	count/1 name="translogserver.tag.serialnum.first" value=2
1515663220.181960	tj1-s-staging-rec06.kscn	27018/4741	searchnode	proton.transactionlog.server	event	value/1 name="translogserver.tag.serialnum.numused" value=1
1515663220.181975	tj1-s-staging-rec06.kscn	27018/4741	searchnode	proton.transactionlog.server	event	count/1 name="translogserver.user.serialnum.last" value=2
1515663220.181981	tj1-s-staging-rec06.kscn	27018/4741	searchnode	proton.transactionlog.server	event	count/1 name="translogserver.user.serialnum.first" value=2
1515663220.181986	tj1-s-staging-rec06.kscn	27018/4741	searchnode	proton.transactionlog.server	event	value/1 name="translogserver.user.serialnum.numused" value=1
1515663221.185	tj1-s-staging-rec06.kscn	27016/598	container	Container.com.yahoo.vespa.searcher.DefaultSearch	info	start DefaultSearch, query:query 'NULL'
1515663221.186	tj1-s-staging-rec06.kscn	27016/598	container	Container.com.yahoo.vespa.searcher.DefaultSearch	info	userId is testUser
1515663221.299	tj1-s-staging-rec06.kscn	27016/598	container	Container.com.xiaomi.common.perfcounter.PerfCounterProvider	warning	Failed to load job name config file:/.JOBNAME
1515663221.300	tj1-s-staging-rec06.kscn	27016/598	container	Container.com.xiaomi.common.perfcounter.PerfCounterProvider	warning	Failed to load perf counter config file:/perfcounter.properties
1515663221.331	tj1-s-staging-rec06.kscn	27016/598	container	Container.com.yahoo.vespa.hbase.HbaseHandler	error	Error happend in getUser, ex:com.xiaomi.infra.hbase.client.HException: java.lang.IllegalArgumentException: Can't get Kerberos realm\n\tat com.xiaomi.infra.hbase.client.InternalHBaseClient.get(InternalHBaseClient.java:424)\n\tat com.yahoo.vespa.hbase.HbaseHandler.getUser(HbaseHandler.java:74)\n\tat com.yahoo.vespa.searcher.DefaultSearch.search(DefaultSearch.java:34)\n\tat com.yahoo.search.Searcher.process(Searcher.java:134)\n\tat com.yahoo.processing.execution.Execution.process(Execution.java:112)\n\tat com.yahoo.search.searchchain.Execution.search(Execution.java:510)\n\tat com.yahoo.search.handler.SearchHandler.searchAndFill(SearchHandler.java:390)\n\tat com.yahoo.search.handler.SearchHandler.search(SearchHandler.java:449)\n\tat com.yahoo.search.handler.SearchHandler.handleBody(SearchHandler.java:320)\n\tat com.yahoo.search.handler.SearchHandler.handle(SearchHandler.java:235)\n\tat com.yahoo.container.jdisc.ThreadedHttpRequestHandler.handle(ThreadedHttpRequestHandler.java:66)\n\tat com.yahoo.container.jdisc.ThreadedHttpRequestHandler.handleRequest(ThreadedHttpRequestHandler.java:79)\n\tat com.yahoo.container.jdisc.ThreadedRequestHandler$RequestTask.processRequest(ThreadedRequestHandler.java:180)\n\tat com.yahoo.container.jdisc.ThreadedRequestHandler$RequestTask.run(ThreadedRequestHandler.java:174)\n\tat java.util.concurrent.ThreadPoolExecutor.runWorker(ThreadPoolExecutor.java:1142)\n\tat java.util.concurrent.ThreadPoolExecutor$Worker.run(ThreadPoolExecutor.java:617)\n\tat java.lang.Thread.run(Thread.java:745)\nCaused by: java.lang.IllegalArgumentException: Can't get Kerberos realm\n\tat org.apache.hadoop.security.HadoopKerberosName.setConfiguration(HadoopKerberosName.java:65)\n\tat org.apache.hadoop.security.UserGroupInformation.initialize(UserGroupInformation.java:250)\n\tat org.apache.hadoop.security.UserGroupInformation.ensureInitialized(UserGroupInformation.java:235)\n\tat org.apache.hadoop.security.UserGroupInformation.isAuthenticationMethodEnabled(UserGroupInformation.java:322)\n\tat org.apache.hadoop.security.UserGroupInformation.isSecurityEnabled(UserGroupInformation.java:316)\n\tat org.apache.hadoop.security.UserGroupInformation.getLoginUser(UserGroupInformation.java:759)\n\tat org.apache.hadoop.security.UserGroupInformation.getCurrentUser(UserGroupInformation.java:661)\n\tat org.apache.hadoop.hbase.security.User$SecureHadoopUser.<init>(User.java:289)\n\tat org.apache.hadoop.hbase.security.User$SecureHadoopUser.<init>(User.java:285)\n\tat org.apache.hadoop.hbase.security.User.getCurrent(User.java:187)\n\tat org.apache.hadoop.hbase.security.UserProvider.getCurrent(UserProvider.java:89)\n\tat org.apache.hadoop.hbase.client.HConnectionManager.createConnection(HConnectionManager.java:235)\n\tat com.xiaomi.infra.hbase.client.InternalHBaseClient.createAndCacheConnection(InternalHBaseClient.java:122)\n\tat com.xiaomi.infra.hbase.client.InternalHBaseClient.getOrCreateConnection(InternalHBaseClient.java:111)\n\tat com.xiaomi.infra.hbase.client.InternalHBaseClient.getHTable(InternalHBaseClient.java:411)\n\tat com.xiaomi.infra.hbase.client.InternalHBaseClient.get(InternalHBaseClient.java:420)\n\t... 16 more\nCaused by: java.lang.ClassNotFoundException: sun.security.krb5.Config not found by duokanexample [54]\n\tat org.apache.felix.framework.BundleWiringImpl.findClassOrResourceByDelegation(BundleWiringImpl.java:1532)\n\tat org.apache.felix.framework.BundleWiringImpl.access$400(BundleWiringImpl.java:75)\n\tat org.apache.felix.framework.BundleWiringImpl$BundleClassLoader.loadClass(BundleWiringImpl.java:1955)\n\tat java.lang.ClassLoader.loadClass(ClassLoader.java:357)\n\tat java.lang.Class.forName0(Native Method)\n\tat java.lang.Class.forName(Class.java:264)\n\tat org.apache.hadoop.security.authentication.util.KerberosUtil.getDefaultRealm(KerberosUtil.java:69)\n\tat org.apache.hadoop.security.HadoopKerberosName.setConfiguration(HadoopKerberosName.java:63)\n\t... 31 more\n
1515663221.334	tj1-s-staging-rec06.kscn	27016/598	container	Container.com.yahoo.vespa.searcher.DefaultSearch	info	hbase user document is {}
1515663224.351674	tj1-s-staging-rec06.kscn	27006/52820	config-sentinel	config-sentinel.metrics	event	value/1 name="currently_running_services" value=9
1515663224.351718	tj1-s-staging-rec06.kscn	27006/52820	config-sentinel	config-sentinel.metrics	event	value/1 name="total_restarts_last_period" value=0
1515663224.351726	tj1-s-staging-rec06.kscn	27006/52820	config-sentinel	config-sentinel.metrics	event	count/1 name="total_restarts_counter" value=0
1515663240.001	tj1-s-staging-rec06.kscn	16332/45	configserver	Container.com.yahoo.statistics.Counter	event	count/1 name=configserver.requests value=19370
1515663240.001	tj1-s-staging-rec06.kscn	27021/559	docprocservice	Container.com.yahoo.statistics.Counter	event	count/1 name=chain_indexing_documents value=0
1515663240.001	tj1-s-staging-rec06.kscn	16332/45	configserver	Container.com.yahoo.statistics.Counter	event	count/1 name=configserver.failedRequests value=0
1515663240.001	tj1-s-staging-rec06.kscn	16332/45	configserver	Container.com.yahoo.statistics.Counter	event	count/1 name=procTime value=2765
1515663240.001	tj1-s-staging-rec06.kscn	27021/559	docprocservice	Container.com.yahoo.statistics.Counter	event	count/1 name=docprocessor_indexing_com_yahoo_docprocs_indexing_IndexingProcessor_indexing_documents value=0
1515663240.001	tj1-s-staging-rec06.kscn	27021/559	docprocservice	Container.com.yahoo.statistics.Counter	event	value/1 name=docprocessor_indexing_com_yahoo_docprocs_indexing_IndexingProcessor_indexing_proctime value=0.0
1515663240.002	tj1-s-staging-rec06.kscn	27016/56	container	Container.com.yahoo.statistics.Value	event	histogram/1 name=query_latency counts="(0) < 25.0 (1) < 50.0 (0) < 100.0 (0) < 500.0 (0)" representation=REGULAR
1515663240.004	tj1-s-staging-rec06.kscn	27016/56	container	Container.com.yahoo.statistics.Value	event	value/1 name=hits_per_query value=0.0
1515663240.004	tj1-s-staging-rec06.kscn	27016/56	container	Container.com.yahoo.statistics.Counter	event	count/1 name=illegal_queries value=1
1515663240.004	tj1-s-staging-rec06.kscn	27016/56	container	Container.com.yahoo.statistics.Counter	event	count/1 name=queries value=1
1515663240.004	tj1-s-staging-rec06.kscn	27016/56	container	Container.com.yahoo.statistics.Counter	event	count/1 name=failed_queries value=1
1515663240.005	tj1-s-staging-rec06.kscn	27016/56	container	Container.com.yahoo.statistics.Value	event	value/1 name=mean_query_latency value=27.0
1515663240.005	tj1-s-staging-rec06.kscn	27016/56	container	Container.com.yahoo.statistics.Value	event	value/1 name=active_queries value=0.0
1515663240.006	tj1-s-staging-rec06.kscn	27016/56	container	Container.com.yahoo.statistics.Value	event	value/1 name=peak_qps value=0.01785044893879081
1515663240.007	tj1-s-staging-rec06.kscn	27016/56	container	Container.com.yahoo.statistics.Value	event	value/1 name=search_connections value=1.0
1515663240.007	tj1-s-staging-rec06.kscn	27016/56	container	Container.com.yahoo.statistics.Value	event	value/1 name=search_connections.mean value=1.0
1515663240.007	tj1-s-staging-rec06.kscn	27016/56	container	Container.com.yahoo.statistics.Value	event	value/1 name=search_connections.min value=1.0
1515663240.007	tj1-s-staging-rec06.kscn	27016/56	container	Container.com.yahoo.statistics.Value	event	value/1 name=search_connections.max value=1.0
1515663240.008	tj1-s-staging-rec06.kscn	27016/56	container	Container.com.yahoo.statistics.Value	event	value/1 name=max_query_latency value=27.0
1515663240.008	tj1-s-staging-rec06.kscn	27016/56	container	Container.com.yahoo.statistics.Counter	event	count/1 name=empty_results value=1
1515663240.009	tj1-s-staging-rec06.kscn	27016/56	container	Container.com.yahoo.statistics.Counter	event	count/1 name=null_queries value=0
1515663240.009	tj1-s-staging-rec06.kscn	27016/56	container	Container.com.yahoo.statistics.Value	event	value/1 name=duokan.cache_hit_ratio value=0.0
